2017-09-10 11:00:55,598 [Worker-1] INFO  c.g.t.t.d.PublishedGradleVersions - Gradle version information cache is up-to-date. Trying to read.
2017-09-10 12:49:18,188 [Worker-4] INFO  c.g.t.t.d.PublishedGradleVersions - Gradle version information cache is up-to-date. Trying to read.
2017-09-10 12:50:23,060 [Worker-14] INFO  o.e.m.c.i.l.LifecycleMappingFactory - Using org.maven.ide.eclipse.wtp.WarLifecycleMapping lifecycle mapping for MavenProject: com.ex.tutorial:AjaxJson:0.0.1-SNAPSHOT @ C:\Users\oracl\my_git_repos\1708Aug14Code\AJAX\AjaxJson\pom.xml.
2017-09-10 12:50:23,691 [Worker-14] INFO  o.e.m.j.i.AbstractJavaProjectConfigurator - Adding source folder /AjaxJson/src/main/java
2017-09-10 12:50:23,693 [Worker-14] INFO  o.e.m.j.i.AbstractJavaProjectConfigurator - Adding resource folder /AjaxJson/src/main/resources
2017-09-10 12:50:23,694 [Worker-14] INFO  o.e.m.j.i.AbstractJavaProjectConfigurator - Adding source folder /AjaxJson/src/test/java
2017-09-10 12:50:23,694 [Worker-14] INFO  o.e.m.j.i.AbstractJavaProjectConfigurator - Adding resource folder /AjaxJson/src/test/resources
2017-09-10 12:50:25,524 [Worker-4] WARN  o.e.m.c.i.embedder.EclipseLogger - Using platform encoding (Cp1252 actually) to copy filtered resources, i.e. build is platform dependent!
2017-09-10 12:50:25,533 [Worker-4] INFO  o.e.m.c.i.embedder.EclipseLogger - Copying 0 resource
2017-09-10 12:50:25,535 [Worker-4] WARN  o.e.m.c.i.embedder.EclipseLogger - Using platform encoding (Cp1252 actually) to copy filtered resources, i.e. build is platform dependent!
2017-09-10 12:50:25,541 [Worker-4] INFO  o.e.m.c.i.embedder.EclipseLogger - Copying 0 resource
2017-09-10 12:50:26,680 [Worker-14] WARN  o.e.m.c.i.embedder.EclipseLogger - Using platform encoding (Cp1252 actually) to copy filtered resources, i.e. build is platform dependent!
2017-09-10 12:50:26,683 [Worker-14] INFO  o.e.m.c.i.embedder.EclipseLogger - Copying 0 resource
2017-09-10 12:50:26,684 [Worker-14] WARN  o.e.m.c.i.embedder.EclipseLogger - Using platform encoding (Cp1252 actually) to copy filtered resources, i.e. build is platform dependent!
2017-09-10 12:50:26,685 [Worker-14] INFO  o.e.m.c.i.embedder.EclipseLogger - Copying 0 resource
2017-09-10 12:50:36,709 [Worker-19] WARN  o.e.m.c.i.embedder.EclipseLogger - Using platform encoding (Cp1252 actually) to copy filtered resources, i.e. build is platform dependent!
2017-09-10 12:50:36,710 [Worker-19] INFO  o.e.m.c.i.embedder.EclipseLogger - Copying 0 resource
2017-09-10 12:50:36,712 [Worker-19] WARN  o.e.m.c.i.embedder.EclipseLogger - Using platform encoding (Cp1252 actually) to copy filtered resources, i.e. build is platform dependent!
2017-09-10 12:50:36,714 [Worker-19] INFO  o.e.m.c.i.embedder.EclipseLogger - Copying 0 resource
2017-09-10 12:53:10,943 [Worker-22] WARN  o.e.m.c.i.embedder.EclipseLogger - Using platform encoding (Cp1252 actually) to copy filtered resources, i.e. build is platform dependent!
2017-09-10 12:53:10,945 [Worker-22] INFO  o.e.m.c.i.embedder.EclipseLogger - Copying 0 resource
2017-09-10 12:53:10,947 [Worker-22] WARN  o.e.m.c.i.embedder.EclipseLogger - Using platform encoding (Cp1252 actually) to copy filtered resources, i.e. build is platform dependent!
2017-09-10 12:53:10,950 [Worker-22] INFO  o.e.m.c.i.embedder.EclipseLogger - Copying 0 resource
2017-09-10 12:53:39,798 [Worker-23] WARN  o.e.m.c.i.embedder.EclipseLogger - Using platform encoding (Cp1252 actually) to copy filtered resources, i.e. build is platform dependent!
2017-09-10 12:53:39,799 [Worker-23] INFO  o.e.m.c.i.embedder.EclipseLogger - Copying 0 resource
2017-09-10 12:53:39,801 [Worker-23] WARN  o.e.m.c.i.embedder.EclipseLogger - Using platform encoding (Cp1252 actually) to copy filtered resources, i.e. build is platform dependent!
2017-09-10 12:53:39,802 [Worker-23] INFO  o.e.m.c.i.embedder.EclipseLogger - Copying 0 resource
2017-09-10 12:56:44,435 [Worker-1] WARN  o.e.m.c.i.embedder.EclipseLogger - Using platform encoding (Cp1252 actually) to copy filtered resources, i.e. build is platform dependent!
2017-09-10 12:56:44,436 [Worker-1] INFO  o.e.m.c.i.embedder.EclipseLogger - Copying 0 resource
2017-09-10 12:56:44,438 [Worker-1] WARN  o.e.m.c.i.embedder.EclipseLogger - Using platform encoding (Cp1252 actually) to copy filtered resources, i.e. build is platform dependent!
2017-09-10 12:56:44,439 [Worker-1] INFO  o.e.m.c.i.embedder.EclipseLogger - Copying 0 resource
2017-09-10 12:56:57,549 [Worker-1] WARN  o.e.m.c.i.embedder.EclipseLogger - Using platform encoding (Cp1252 actually) to copy filtered resources, i.e. build is platform dependent!
2017-09-10 12:56:57,550 [Worker-1] INFO  o.e.m.c.i.embedder.EclipseLogger - Copying 0 resource
2017-09-10 12:56:57,551 [Worker-1] WARN  o.e.m.c.i.embedder.EclipseLogger - Using platform encoding (Cp1252 actually) to copy filtered resources, i.e. build is platform dependent!
2017-09-10 12:56:57,552 [Worker-1] INFO  o.e.m.c.i.embedder.EclipseLogger - Copying 0 resource
2017-09-10 12:58:06,776 [Worker-1] WARN  o.e.m.c.i.embedder.EclipseLogger - Using platform encoding (Cp1252 actually) to copy filtered resources, i.e. build is platform dependent!
2017-09-10 12:58:06,776 [Worker-1] INFO  o.e.m.c.i.embedder.EclipseLogger - Copying 0 resource
2017-09-10 12:58:06,779 [Worker-1] WARN  o.e.m.c.i.embedder.EclipseLogger - Using platform encoding (Cp1252 actually) to copy filtered resources, i.e. build is platform dependent!
2017-09-10 12:58:06,780 [Worker-1] INFO  o.e.m.c.i.embedder.EclipseLogger - Copying 0 resource
2017-09-10 12:58:11,959 [Worker-18] WARN  o.e.m.c.i.embedder.EclipseLogger - Using platform encoding (Cp1252 actually) to copy filtered resources, i.e. build is platform dependent!
2017-09-10 12:58:11,960 [Worker-18] INFO  o.e.m.c.i.embedder.EclipseLogger - Copying 0 resource
2017-09-10 12:58:11,961 [Worker-18] WARN  o.e.m.c.i.embedder.EclipseLogger - Using platform encoding (Cp1252 actually) to copy filtered resources, i.e. build is platform dependent!
2017-09-10 12:58:11,962 [Worker-18] INFO  o.e.m.c.i.embedder.EclipseLogger - Copying 0 resource
2017-09-10 12:58:29,972 [Worker-1] WARN  o.e.m.c.i.embedder.EclipseLogger - Using platform encoding (Cp1252 actually) to copy filtered resources, i.e. build is platform dependent!
2017-09-10 12:58:29,973 [Worker-1] INFO  o.e.m.c.i.embedder.EclipseLogger - Copying 0 resource
2017-09-10 12:58:29,975 [Worker-1] WARN  o.e.m.c.i.embedder.EclipseLogger - Using platform encoding (Cp1252 actually) to copy filtered resources, i.e. build is platform dependent!
2017-09-10 12:58:29,983 [Worker-1] INFO  o.e.m.c.i.embedder.EclipseLogger - Copying 0 resource
2017-09-10 12:58:58,793 [Worker-18] WARN  o.e.m.c.i.embedder.EclipseLogger - Using platform encoding (Cp1252 actually) to copy filtered resources, i.e. build is platform dependent!
2017-09-10 12:58:58,796 [Worker-18] INFO  o.e.m.c.i.embedder.EclipseLogger - Copying 0 resource
2017-09-10 12:58:58,798 [Worker-18] WARN  o.e.m.c.i.embedder.EclipseLogger - Using platform encoding (Cp1252 actually) to copy filtered resources, i.e. build is platform dependent!
2017-09-10 12:58:58,802 [Worker-18] INFO  o.e.m.c.i.embedder.EclipseLogger - Copying 0 resource
2017-09-10 12:59:12,988 [Worker-26] WARN  o.e.m.c.i.embedder.EclipseLogger - Using platform encoding (Cp1252 actually) to copy filtered resources, i.e. build is platform dependent!
2017-09-10 12:59:12,989 [Worker-26] INFO  o.e.m.c.i.embedder.EclipseLogger - Copying 0 resource
2017-09-10 12:59:12,990 [Worker-26] WARN  o.e.m.c.i.embedder.EclipseLogger - Using platform encoding (Cp1252 actually) to copy filtered resources, i.e. build is platform dependent!
2017-09-10 12:59:12,991 [Worker-26] INFO  o.e.m.c.i.embedder.EclipseLogger - Copying 0 resource
2017-09-10 12:59:28,212 [Worker-1] INFO  o.e.m.c.i.p.ProjectConfigurationManager - Update started
2017-09-10 12:59:28,555 [Worker-1] INFO  o.e.m.c.i.l.LifecycleMappingFactory - Using org.maven.ide.eclipse.wtp.WarLifecycleMapping lifecycle mapping for MavenProject: com.ex.tutorial:AjaxJson:0.0.1-SNAPSHOT @ C:\Users\oracl\my_git_repos\1708Aug14Code\AJAX\AjaxJson\pom.xml.
2017-09-10 12:59:28,992 [Worker-1] INFO  o.e.m.j.i.AbstractJavaProjectConfigurator - Adding source folder /AjaxJson/src/main/java
2017-09-10 12:59:28,992 [Worker-1] INFO  o.e.m.j.i.AbstractJavaProjectConfigurator - Adding resource folder /AjaxJson/src/main/resources
2017-09-10 12:59:28,993 [Worker-1] INFO  o.e.m.j.i.AbstractJavaProjectConfigurator - Adding source folder /AjaxJson/src/test/java
2017-09-10 12:59:28,993 [Worker-1] INFO  o.e.m.j.i.AbstractJavaProjectConfigurator - Adding resource folder /AjaxJson/src/test/resources
2017-09-10 12:59:29,187 [Worker-1] INFO  o.e.m.w.i.f.ResourceFilteringBuildParticipant - Cleaning filtered folder for AjaxJson
2017-09-10 12:59:29,194 [Worker-1] INFO  o.e.m.c.i.p.ProjectConfigurationManager - Update completed: 0 sec
2017-09-10 12:59:29,348 [Worker-26] WARN  o.e.m.c.i.embedder.EclipseLogger - Using platform encoding (Cp1252 actually) to copy filtered resources, i.e. build is platform dependent!
2017-09-10 12:59:29,350 [Worker-26] INFO  o.e.m.c.i.embedder.EclipseLogger - Copying 0 resource
2017-09-10 12:59:29,352 [Worker-26] WARN  o.e.m.c.i.embedder.EclipseLogger - Using platform encoding (Cp1252 actually) to copy filtered resources, i.e. build is platform dependent!
2017-09-10 12:59:29,354 [Worker-26] INFO  o.e.m.c.i.embedder.EclipseLogger - Copying 0 resource
2017-09-10 12:59:29,354 [Worker-26] INFO  o.e.m.w.i.f.ResourceFilteringBuildParticipant - Changed resources require a complete clean of filtered resources of AjaxJson
2017-09-10 12:59:29,355 [Worker-26] INFO  o.e.m.w.i.f.ResourceFilteringBuildParticipant - Executing resource filtering for AjaxJson
2017-09-10 12:59:29,362 [Worker-26] WARN  o.e.m.c.i.embedder.EclipseLogger - Using platform encoding (Cp1252 actually) to copy filtered resources, i.e. build is platform dependent!
2017-09-10 12:59:51,155 [Worker-2] WARN  o.e.m.c.i.embedder.EclipseLogger - Using platform encoding (Cp1252 actually) to copy filtered resources, i.e. build is platform dependent!
2017-09-10 12:59:51,162 [Worker-2] INFO  o.e.m.c.i.embedder.EclipseLogger - Copying 0 resource
2017-09-10 12:59:51,166 [Worker-2] WARN  o.e.m.c.i.embedder.EclipseLogger - Using platform encoding (Cp1252 actually) to copy filtered resources, i.e. build is platform dependent!
2017-09-10 12:59:51,168 [Worker-2] INFO  o.e.m.c.i.embedder.EclipseLogger - Copying 0 resource
2017-09-10 13:00:40,033 [Worker-1] WARN  o.e.m.c.i.embedder.EclipseLogger - Using platform encoding (Cp1252 actually) to copy filtered resources, i.e. build is platform dependent!
2017-09-10 13:00:40,035 [Worker-1] INFO  o.e.m.c.i.embedder.EclipseLogger - Copying 0 resource
2017-09-10 13:00:40,036 [Worker-1] WARN  o.e.m.c.i.embedder.EclipseLogger - Using platform encoding (Cp1252 actually) to copy filtered resources, i.e. build is platform dependent!
2017-09-10 13:00:40,038 [Worker-1] INFO  o.e.m.c.i.embedder.EclipseLogger - Copying 0 resource
2017-09-10 13:13:42,709 [Worker-32] WARN  o.e.m.c.i.embedder.EclipseLogger - Using platform encoding (Cp1252 actually) to copy filtered resources, i.e. build is platform dependent!
2017-09-10 13:13:42,711 [Worker-32] INFO  o.e.m.c.i.embedder.EclipseLogger - Copying 0 resource
2017-09-10 13:13:42,714 [Worker-32] WARN  o.e.m.c.i.embedder.EclipseLogger - Using platform encoding (Cp1252 actually) to copy filtered resources, i.e. build is platform dependent!
2017-09-10 13:13:42,717 [Worker-32] INFO  o.e.m.c.i.embedder.EclipseLogger - Copying 0 resource
2017-09-10 13:15:53,068 [Worker-34] WARN  o.e.m.c.i.embedder.EclipseLogger - Using platform encoding (Cp1252 actually) to copy filtered resources, i.e. build is platform dependent!
2017-09-10 13:15:53,069 [Worker-34] INFO  o.e.m.c.i.embedder.EclipseLogger - Copying 0 resource
2017-09-10 13:15:53,070 [Worker-34] WARN  o.e.m.c.i.embedder.EclipseLogger - Using platform encoding (Cp1252 actually) to copy filtered resources, i.e. build is platform dependent!
2017-09-10 13:15:53,071 [Worker-34] INFO  o.e.m.c.i.embedder.EclipseLogger - Copying 0 resource
2017-09-10 13:17:54,468 [Worker-34] WARN  o.e.m.c.i.embedder.EclipseLogger - Using platform encoding (Cp1252 actually) to copy filtered resources, i.e. build is platform dependent!
2017-09-10 13:17:54,468 [Worker-34] INFO  o.e.m.c.i.embedder.EclipseLogger - Copying 0 resource
2017-09-10 13:17:54,469 [Worker-34] WARN  o.e.m.c.i.embedder.EclipseLogger - Using platform encoding (Cp1252 actually) to copy filtered resources, i.e. build is platform dependent!
2017-09-10 13:17:54,471 [Worker-34] INFO  o.e.m.c.i.embedder.EclipseLogger - Copying 0 resource
2017-09-10 13:22:37,162 [Worker-28] INFO  o.e.m.c.i.p.ProjectConfigurationManager - Update started
2017-09-10 13:22:37,478 [Worker-28] INFO  o.e.m.c.i.l.LifecycleMappingFactory - Using org.maven.ide.eclipse.wtp.WarLifecycleMapping lifecycle mapping for MavenProject: com.ex.tutorial:AjaxJson:0.0.1-SNAPSHOT @ C:\Users\oracl\my_git_repos\1708Aug14Code\AJAX\AjaxJson\pom.xml.
2017-09-10 13:22:37,805 [Worker-28] INFO  o.e.m.j.i.AbstractJavaProjectConfigurator - Adding source folder /AjaxJson/src/main/java
2017-09-10 13:22:37,806 [Worker-28] INFO  o.e.m.j.i.AbstractJavaProjectConfigurator - Adding resource folder /AjaxJson/src/main/resources
2017-09-10 13:22:37,806 [Worker-28] INFO  o.e.m.j.i.AbstractJavaProjectConfigurator - Adding source folder /AjaxJson/src/test/java
2017-09-10 13:22:37,806 [Worker-28] INFO  o.e.m.j.i.AbstractJavaProjectConfigurator - Adding resource folder /AjaxJson/src/test/resources
2017-09-10 13:22:37,917 [Worker-28] INFO  o.e.m.w.i.f.ResourceFilteringBuildParticipant - Cleaning filtered folder for AjaxJson
2017-09-10 13:22:37,921 [Worker-28] INFO  o.e.m.c.i.p.ProjectConfigurationManager - Update completed: 0 sec
2017-09-10 13:22:38,056 [Worker-35] WARN  o.e.m.c.i.embedder.EclipseLogger - Using platform encoding (Cp1252 actually) to copy filtered resources, i.e. build is platform dependent!
2017-09-10 13:22:38,058 [Worker-35] INFO  o.e.m.c.i.embedder.EclipseLogger - Copying 0 resource
2017-09-10 13:22:38,060 [Worker-35] WARN  o.e.m.c.i.embedder.EclipseLogger - Using platform encoding (Cp1252 actually) to copy filtered resources, i.e. build is platform dependent!
2017-09-10 13:22:38,062 [Worker-35] INFO  o.e.m.c.i.embedder.EclipseLogger - Copying 0 resource
2017-09-10 13:22:38,062 [Worker-35] INFO  o.e.m.w.i.f.ResourceFilteringBuildParticipant - Changed resources require a complete clean of filtered resources of AjaxJson
2017-09-10 13:22:38,062 [Worker-35] INFO  o.e.m.w.i.f.ResourceFilteringBuildParticipant - Executing resource filtering for AjaxJson
2017-09-10 13:22:38,066 [Worker-35] WARN  o.e.m.c.i.embedder.EclipseLogger - Using platform encoding (Cp1252 actually) to copy filtered resources, i.e. build is platform dependent!
2017-09-10 13:23:06,183 [Worker-3] INFO  c.g.t.t.d.PublishedGradleVersions - Gradle version information cache is up-to-date. Trying to read.
2017-09-10 13:23:09,314 [Worker-5] WARN  o.e.m.c.i.embedder.EclipseLogger - Using platform encoding (Cp1252 actually) to copy filtered resources, i.e. build is platform dependent!
2017-09-10 13:23:09,322 [Worker-5] INFO  o.e.m.c.i.embedder.EclipseLogger - Copying 0 resource
2017-09-10 13:23:09,325 [Worker-5] WARN  o.e.m.c.i.embedder.EclipseLogger - Using platform encoding (Cp1252 actually) to copy filtered resources, i.e. build is platform dependent!
2017-09-10 13:23:09,327 [Worker-5] INFO  o.e.m.c.i.embedder.EclipseLogger - Copying 0 resource
2017-09-10 13:24:41,001 [Worker-5] INFO  c.g.t.t.d.PublishedGradleVersions - Gradle version information cache is up-to-date. Trying to read.
2017-09-10 13:24:44,457 [Worker-9] WARN  o.e.m.c.i.embedder.EclipseLogger - Using platform encoding (Cp1252 actually) to copy filtered resources, i.e. build is platform dependent!
2017-09-10 13:24:44,464 [Worker-9] INFO  o.e.m.c.i.embedder.EclipseLogger - Copying 0 resource
2017-09-10 13:24:44,466 [Worker-9] WARN  o.e.m.c.i.embedder.EclipseLogger - Using platform encoding (Cp1252 actually) to copy filtered resources, i.e. build is platform dependent!
2017-09-10 13:24:44,468 [Worker-9] INFO  o.e.m.c.i.embedder.EclipseLogger - Copying 0 resource
2017-09-10 13:30:10,652 [Worker-9] WARN  o.e.m.c.i.embedder.EclipseLogger - Using platform encoding (Cp1252 actually) to copy filtered resources, i.e. build is platform dependent!
2017-09-10 13:30:10,657 [Worker-9] INFO  o.e.m.c.i.embedder.EclipseLogger - Copying 0 resource
2017-09-10 13:30:10,659 [Worker-9] WARN  o.e.m.c.i.embedder.EclipseLogger - Using platform encoding (Cp1252 actually) to copy filtered resources, i.e. build is platform dependent!
2017-09-10 13:30:10,661 [Worker-9] INFO  o.e.m.c.i.embedder.EclipseLogger - Copying 0 resource
2017-09-10 13:38:52,007 [Worker-2] WARN  o.e.m.c.i.embedder.EclipseLogger - Using platform encoding (Cp1252 actually) to copy filtered resources, i.e. build is platform dependent!
2017-09-10 13:38:52,008 [Worker-2] INFO  o.e.m.c.i.embedder.EclipseLogger - Copying 0 resource
2017-09-10 13:38:52,010 [Worker-2] WARN  o.e.m.c.i.embedder.EclipseLogger - Using platform encoding (Cp1252 actually) to copy filtered resources, i.e. build is platform dependent!
2017-09-10 13:38:52,011 [Worker-2] INFO  o.e.m.c.i.embedder.EclipseLogger - Copying 0 resource
2017-09-10 13:39:11,892 [Worker-25] INFO  o.e.m.c.i.p.ProjectConfigurationManager - Update started
2017-09-10 13:39:12,352 [Worker-25] INFO  o.e.m.c.i.l.LifecycleMappingFactory - Using org.maven.ide.eclipse.wtp.WarLifecycleMapping lifecycle mapping for MavenProject: com.ex.tutorial:AjaxJson:0.0.1-SNAPSHOT @ C:\Users\oracl\my_git_repos\1708Aug14Code\AJAX\AjaxJson\pom.xml.
2017-09-10 13:39:12,743 [Worker-25] INFO  o.e.m.j.i.AbstractJavaProjectConfigurator - Adding source folder /AjaxJson/src/main/java
2017-09-10 13:39:12,744 [Worker-25] INFO  o.e.m.j.i.AbstractJavaProjectConfigurator - Adding resource folder /AjaxJson/src/main/resources
2017-09-10 13:39:12,745 [Worker-25] INFO  o.e.m.j.i.AbstractJavaProjectConfigurator - Adding source folder /AjaxJson/src/test/java
2017-09-10 13:39:12,745 [Worker-25] INFO  o.e.m.j.i.AbstractJavaProjectConfigurator - Adding resource folder /AjaxJson/src/test/resources
2017-09-10 13:39:13,010 [Worker-25] INFO  o.e.m.w.i.f.ResourceFilteringBuildParticipant - Cleaning filtered folder for AjaxJson
2017-09-10 13:39:13,026 [Worker-25] INFO  o.e.m.c.i.p.ProjectConfigurationManager - Update completed: 1 sec
2017-09-10 13:39:13,276 [Worker-26] WARN  o.e.m.c.i.embedder.EclipseLogger - Using platform encoding (Cp1252 actually) to copy filtered resources, i.e. build is platform dependent!
2017-09-10 13:39:13,278 [Worker-26] INFO  o.e.m.c.i.embedder.EclipseLogger - Copying 0 resource
2017-09-10 13:39:13,280 [Worker-26] WARN  o.e.m.c.i.embedder.EclipseLogger - Using platform encoding (Cp1252 actually) to copy filtered resources, i.e. build is platform dependent!
2017-09-10 13:39:13,281 [Worker-26] INFO  o.e.m.c.i.embedder.EclipseLogger - Copying 0 resource
2017-09-10 13:39:13,282 [Worker-26] INFO  o.e.m.w.i.f.ResourceFilteringBuildParticipant - Changed resources require a complete clean of filtered resources of AjaxJson
2017-09-10 13:39:13,282 [Worker-26] INFO  o.e.m.w.i.f.ResourceFilteringBuildParticipant - Executing resource filtering for AjaxJson
2017-09-10 13:39:13,288 [Worker-26] WARN  o.e.m.c.i.embedder.EclipseLogger - Using platform encoding (Cp1252 actually) to copy filtered resources, i.e. build is platform dependent!
2017-09-10 13:39:24,459 [Worker-25] WARN  o.e.m.c.i.embedder.EclipseLogger - Using platform encoding (Cp1252 actually) to copy filtered resources, i.e. build is platform dependent!
2017-09-10 13:39:24,463 [Worker-25] INFO  o.e.m.c.i.embedder.EclipseLogger - Copying 0 resource
2017-09-10 13:39:24,465 [Worker-25] WARN  o.e.m.c.i.embedder.EclipseLogger - Using platform encoding (Cp1252 actually) to copy filtered resources, i.e. build is platform dependent!
2017-09-10 13:39:24,467 [Worker-25] INFO  o.e.m.c.i.embedder.EclipseLogger - Copying 0 resource
2017-09-10 13:39:36,050 [Worker-27] INFO  o.e.m.c.i.p.ProjectConfigurationManager - Update started
2017-09-10 13:39:36,426 [Worker-27] INFO  o.e.m.c.i.l.LifecycleMappingFactory - Using org.maven.ide.eclipse.wtp.WarLifecycleMapping lifecycle mapping for MavenProject: com.ex.tutorial:AjaxJson:0.0.1-SNAPSHOT @ C:\Users\oracl\my_git_repos\1708Aug14Code\AJAX\AjaxJson\pom.xml.
2017-09-10 13:39:36,759 [Worker-27] INFO  o.e.m.j.i.AbstractJavaProjectConfigurator - Adding source folder /AjaxJson/src/main/java
2017-09-10 13:39:36,760 [Worker-27] INFO  o.e.m.j.i.AbstractJavaProjectConfigurator - Adding resource folder /AjaxJson/src/main/resources
2017-09-10 13:39:36,761 [Worker-27] INFO  o.e.m.j.i.AbstractJavaProjectConfigurator - Adding source folder /AjaxJson/src/test/java
2017-09-10 13:39:36,761 [Worker-27] INFO  o.e.m.j.i.AbstractJavaProjectConfigurator - Adding resource folder /AjaxJson/src/test/resources
2017-09-10 13:39:36,920 [Worker-27] INFO  o.e.m.w.i.f.ResourceFilteringBuildParticipant - Cleaning filtered folder for AjaxJson
2017-09-10 13:39:36,926 [Worker-27] INFO  o.e.m.c.i.p.ProjectConfigurationManager - Update completed: 0 sec
2017-09-10 13:39:37,119 [Worker-26] WARN  o.e.m.c.i.embedder.EclipseLogger - Using platform encoding (Cp1252 actually) to copy filtered resources, i.e. build is platform dependent!
2017-09-10 13:39:37,121 [Worker-26] INFO  o.e.m.c.i.embedder.EclipseLogger - Copying 0 resource
2017-09-10 13:39:37,124 [Worker-26] WARN  o.e.m.c.i.embedder.EclipseLogger - Using platform encoding (Cp1252 actually) to copy filtered resources, i.e. build is platform dependent!
2017-09-10 13:39:37,125 [Worker-26] INFO  o.e.m.c.i.embedder.EclipseLogger - Copying 0 resource
2017-09-10 13:39:37,126 [Worker-26] INFO  o.e.m.w.i.f.ResourceFilteringBuildParticipant - Changed resources require a complete clean of filtered resources of AjaxJson
2017-09-10 13:39:37,126 [Worker-26] INFO  o.e.m.w.i.f.ResourceFilteringBuildParticipant - Executing resource filtering for AjaxJson
2017-09-10 13:39:37,132 [Worker-26] WARN  o.e.m.c.i.embedder.EclipseLogger - Using platform encoding (Cp1252 actually) to copy filtered resources, i.e. build is platform dependent!
2017-09-10 13:40:30,576 [Worker-2] WARN  o.e.m.c.i.embedder.EclipseLogger - Using platform encoding (Cp1252 actually) to copy filtered resources, i.e. build is platform dependent!
2017-09-10 13:40:30,579 [Worker-2] INFO  o.e.m.c.i.embedder.EclipseLogger - Copying 0 resource
2017-09-10 13:40:30,580 [Worker-2] WARN  o.e.m.c.i.embedder.EclipseLogger - Using platform encoding (Cp1252 actually) to copy filtered resources, i.e. build is platform dependent!
2017-09-10 13:40:30,581 [Worker-2] INFO  o.e.m.c.i.embedder.EclipseLogger - Copying 0 resource
2017-09-10 13:40:38,805 [Worker-26] WARN  o.e.m.c.i.embedder.EclipseLogger - Using platform encoding (Cp1252 actually) to copy filtered resources, i.e. build is platform dependent!
2017-09-10 13:40:38,807 [Worker-26] INFO  o.e.m.c.i.embedder.EclipseLogger - Copying 0 resource
2017-09-10 13:40:38,809 [Worker-26] WARN  o.e.m.c.i.embedder.EclipseLogger - Using platform encoding (Cp1252 actually) to copy filtered resources, i.e. build is platform dependent!
2017-09-10 13:40:38,810 [Worker-26] INFO  o.e.m.c.i.embedder.EclipseLogger - Copying 0 resource
2017-09-10 13:41:01,500 [Worker-2] WARN  o.e.m.c.i.embedder.EclipseLogger - Using platform encoding (Cp1252 actually) to copy filtered resources, i.e. build is platform dependent!
2017-09-10 13:41:01,502 [Worker-2] INFO  o.e.m.c.i.embedder.EclipseLogger - Copying 0 resource
2017-09-10 13:41:01,505 [Worker-2] WARN  o.e.m.c.i.embedder.EclipseLogger - Using platform encoding (Cp1252 actually) to copy filtered resources, i.e. build is platform dependent!
2017-09-10 13:41:01,507 [Worker-2] INFO  o.e.m.c.i.embedder.EclipseLogger - Copying 0 resource
2017-09-10 13:42:05,949 [Worker-2] WARN  o.e.m.c.i.embedder.EclipseLogger - Using platform encoding (Cp1252 actually) to copy filtered resources, i.e. build is platform dependent!
2017-09-10 13:42:05,951 [Worker-2] INFO  o.e.m.c.i.embedder.EclipseLogger - Copying 0 resource
2017-09-10 13:42:05,952 [Worker-2] WARN  o.e.m.c.i.embedder.EclipseLogger - Using platform encoding (Cp1252 actually) to copy filtered resources, i.e. build is platform dependent!
2017-09-10 13:42:05,954 [Worker-2] INFO  o.e.m.c.i.embedder.EclipseLogger - Copying 0 resource
2017-09-10 13:43:15,245 [Worker-31] WARN  o.e.m.c.i.embedder.EclipseLogger - Using platform encoding (Cp1252 actually) to copy filtered resources, i.e. build is platform dependent!
2017-09-10 13:43:15,249 [Worker-31] INFO  o.e.m.c.i.embedder.EclipseLogger - Copying 0 resource
2017-09-10 13:43:15,273 [Worker-31] WARN  o.e.m.c.i.embedder.EclipseLogger - Using platform encoding (Cp1252 actually) to copy filtered resources, i.e. build is platform dependent!
2017-09-10 13:43:15,275 [Worker-31] INFO  o.e.m.c.i.embedder.EclipseLogger - Copying 0 resource
2017-09-10 13:45:52,666 [Worker-2] WARN  o.e.m.c.i.embedder.EclipseLogger - Using platform encoding (Cp1252 actually) to copy filtered resources, i.e. build is platform dependent!
2017-09-10 13:45:52,666 [Worker-2] INFO  o.e.m.c.i.embedder.EclipseLogger - Copying 0 resource
2017-09-10 13:45:52,666 [Worker-2] WARN  o.e.m.c.i.embedder.EclipseLogger - Using platform encoding (Cp1252 actually) to copy filtered resources, i.e. build is platform dependent!
2017-09-10 13:45:52,666 [Worker-2] INFO  o.e.m.c.i.embedder.EclipseLogger - Copying 0 resource
2017-09-10 13:47:19,985 [Worker-32] WARN  o.e.m.c.i.embedder.EclipseLogger - Using platform encoding (Cp1252 actually) to copy filtered resources, i.e. build is platform dependent!
2017-09-10 13:47:19,985 [Worker-32] INFO  o.e.m.c.i.embedder.EclipseLogger - Copying 0 resource
2017-09-10 13:47:20,000 [Worker-32] WARN  o.e.m.c.i.embedder.EclipseLogger - Using platform encoding (Cp1252 actually) to copy filtered resources, i.e. build is platform dependent!
2017-09-10 13:47:20,000 [Worker-32] INFO  o.e.m.c.i.embedder.EclipseLogger - Copying 0 resource
2017-09-10 13:56:03,083 [Worker-35] WARN  o.e.m.c.i.embedder.EclipseLogger - Using platform encoding (Cp1252 actually) to copy filtered resources, i.e. build is platform dependent!
2017-09-10 13:56:03,083 [Worker-35] INFO  o.e.m.c.i.embedder.EclipseLogger - Copying 0 resource
2017-09-10 13:56:03,083 [Worker-35] WARN  o.e.m.c.i.embedder.EclipseLogger - Using platform encoding (Cp1252 actually) to copy filtered resources, i.e. build is platform dependent!
2017-09-10 13:56:03,083 [Worker-35] INFO  o.e.m.c.i.embedder.EclipseLogger - Copying 0 resource
2017-09-10 14:03:01,041 [Worker-35] WARN  o.e.m.c.i.embedder.EclipseLogger - Using platform encoding (Cp1252 actually) to copy filtered resources, i.e. build is platform dependent!
2017-09-10 14:03:01,041 [Worker-35] INFO  o.e.m.c.i.embedder.EclipseLogger - Copying 0 resource
2017-09-10 14:03:01,041 [Worker-35] WARN  o.e.m.c.i.embedder.EclipseLogger - Using platform encoding (Cp1252 actually) to copy filtered resources, i.e. build is platform dependent!
2017-09-10 14:03:01,056 [Worker-35] INFO  o.e.m.c.i.embedder.EclipseLogger - Copying 0 resource
2017-09-10 14:12:26,327 [Worker-35] WARN  o.e.m.c.i.embedder.EclipseLogger - Using platform encoding (Cp1252 actually) to copy filtered resources, i.e. build is platform dependent!
2017-09-10 14:12:26,328 [Worker-35] INFO  o.e.m.c.i.embedder.EclipseLogger - Copying 0 resource
2017-09-10 14:12:26,330 [Worker-35] WARN  o.e.m.c.i.embedder.EclipseLogger - Using platform encoding (Cp1252 actually) to copy filtered resources, i.e. build is platform dependent!
2017-09-10 14:12:26,332 [Worker-35] INFO  o.e.m.c.i.embedder.EclipseLogger - Copying 0 resource
2017-09-10 14:13:04,775 [Worker-41] WARN  o.e.m.c.i.embedder.EclipseLogger - Using platform encoding (Cp1252 actually) to copy filtered resources, i.e. build is platform dependent!
2017-09-10 14:13:04,775 [Worker-41] INFO  o.e.m.c.i.embedder.EclipseLogger - Copying 0 resource
2017-09-10 14:13:04,775 [Worker-41] WARN  o.e.m.c.i.embedder.EclipseLogger - Using platform encoding (Cp1252 actually) to copy filtered resources, i.e. build is platform dependent!
2017-09-10 14:13:04,790 [Worker-41] INFO  o.e.m.c.i.embedder.EclipseLogger - Copying 0 resource
2017-09-10 14:14:00,124 [Worker-38] WARN  o.e.m.c.i.embedder.EclipseLogger - Using platform encoding (Cp1252 actually) to copy filtered resources, i.e. build is platform dependent!
2017-09-10 14:14:00,124 [Worker-38] INFO  o.e.m.c.i.embedder.EclipseLogger - Copying 0 resource
2017-09-10 14:14:00,139 [Worker-38] WARN  o.e.m.c.i.embedder.EclipseLogger - Using platform encoding (Cp1252 actually) to copy filtered resources, i.e. build is platform dependent!
2017-09-10 14:14:00,139 [Worker-38] INFO  o.e.m.c.i.embedder.EclipseLogger - Copying 0 resource
2017-09-10 14:14:43,198 [Worker-35] WARN  o.e.m.c.i.embedder.EclipseLogger - Using platform encoding (Cp1252 actually) to copy filtered resources, i.e. build is platform dependent!
2017-09-10 14:14:43,198 [Worker-35] INFO  o.e.m.c.i.embedder.EclipseLogger - Copying 0 resource
2017-09-10 14:14:43,198 [Worker-35] WARN  o.e.m.c.i.embedder.EclipseLogger - Using platform encoding (Cp1252 actually) to copy filtered resources, i.e. build is platform dependent!
2017-09-10 14:14:43,198 [Worker-35] INFO  o.e.m.c.i.embedder.EclipseLogger - Copying 0 resource
2017-09-10 14:15:03,309 [Worker-41] WARN  o.e.m.c.i.embedder.EclipseLogger - Using platform encoding (Cp1252 actually) to copy filtered resources, i.e. build is platform dependent!
2017-09-10 14:15:03,309 [Worker-41] INFO  o.e.m.c.i.embedder.EclipseLogger - Copying 0 resource
2017-09-10 14:15:03,309 [Worker-41] WARN  o.e.m.c.i.embedder.EclipseLogger - Using platform encoding (Cp1252 actually) to copy filtered resources, i.e. build is platform dependent!
2017-09-10 14:15:03,309 [Worker-41] INFO  o.e.m.c.i.embedder.EclipseLogger - Copying 0 resource
2017-09-10 14:21:13,905 [Worker-41] WARN  o.e.m.c.i.embedder.EclipseLogger - Using platform encoding (Cp1252 actually) to copy filtered resources, i.e. build is platform dependent!
2017-09-10 14:21:13,905 [Worker-41] INFO  o.e.m.c.i.embedder.EclipseLogger - Copying 0 resource
2017-09-10 14:21:13,905 [Worker-41] WARN  o.e.m.c.i.embedder.EclipseLogger - Using platform encoding (Cp1252 actually) to copy filtered resources, i.e. build is platform dependent!
2017-09-10 14:21:13,924 [Worker-41] INFO  o.e.m.c.i.embedder.EclipseLogger - Copying 0 resource
2017-09-10 14:25:16,656 [Worker-41] WARN  o.e.m.c.i.embedder.EclipseLogger - Using platform encoding (Cp1252 actually) to copy filtered resources, i.e. build is platform dependent!
2017-09-10 14:25:16,656 [Worker-41] INFO  o.e.m.c.i.embedder.EclipseLogger - Copying 0 resource
2017-09-10 14:25:16,656 [Worker-41] WARN  o.e.m.c.i.embedder.EclipseLogger - Using platform encoding (Cp1252 actually) to copy filtered resources, i.e. build is platform dependent!
2017-09-10 14:25:16,656 [Worker-41] INFO  o.e.m.c.i.embedder.EclipseLogger - Copying 0 resource
2017-09-10 14:29:44,959 [Worker-48] WARN  o.e.m.c.i.embedder.EclipseLogger - Using platform encoding (Cp1252 actually) to copy filtered resources, i.e. build is platform dependent!
2017-09-10 14:29:44,959 [Worker-48] INFO  o.e.m.c.i.embedder.EclipseLogger - Copying 0 resource
2017-09-10 14:29:44,959 [Worker-48] WARN  o.e.m.c.i.embedder.EclipseLogger - Using platform encoding (Cp1252 actually) to copy filtered resources, i.e. build is platform dependent!
2017-09-10 14:29:44,975 [Worker-48] INFO  o.e.m.c.i.embedder.EclipseLogger - Copying 0 resource
2017-09-10 14:30:19,015 [Worker-47] WARN  o.e.m.c.i.embedder.EclipseLogger - Using platform encoding (Cp1252 actually) to copy filtered resources, i.e. build is platform dependent!
2017-09-10 14:30:19,015 [Worker-47] INFO  o.e.m.c.i.embedder.EclipseLogger - Copying 0 resource
2017-09-10 14:30:19,030 [Worker-47] WARN  o.e.m.c.i.embedder.EclipseLogger - Using platform encoding (Cp1252 actually) to copy filtered resources, i.e. build is platform dependent!
2017-09-10 14:30:19,030 [Worker-47] INFO  o.e.m.c.i.embedder.EclipseLogger - Copying 0 resource
2017-09-10 14:35:41,550 [Worker-50] WARN  o.e.m.c.i.embedder.EclipseLogger - Using platform encoding (Cp1252 actually) to copy filtered resources, i.e. build is platform dependent!
2017-09-10 14:35:41,550 [Worker-50] INFO  o.e.m.c.i.embedder.EclipseLogger - Copying 0 resource
2017-09-10 14:35:41,550 [Worker-50] WARN  o.e.m.c.i.embedder.EclipseLogger - Using platform encoding (Cp1252 actually) to copy filtered resources, i.e. build is platform dependent!
2017-09-10 14:35:41,565 [Worker-50] INFO  o.e.m.c.i.embedder.EclipseLogger - Copying 0 resource
2017-09-10 14:38:53,044 [Worker-50] WARN  o.e.m.c.i.embedder.EclipseLogger - Using platform encoding (Cp1252 actually) to copy filtered resources, i.e. build is platform dependent!
2017-09-10 14:38:53,044 [Worker-50] INFO  o.e.m.c.i.embedder.EclipseLogger - Copying 0 resource
2017-09-10 14:38:53,044 [Worker-50] WARN  o.e.m.c.i.embedder.EclipseLogger - Using platform encoding (Cp1252 actually) to copy filtered resources, i.e. build is platform dependent!
2017-09-10 14:38:53,044 [Worker-50] INFO  o.e.m.c.i.embedder.EclipseLogger - Copying 0 resource
2017-09-10 14:42:06,890 [Worker-53] WARN  o.e.m.c.i.embedder.EclipseLogger - Using platform encoding (Cp1252 actually) to copy filtered resources, i.e. build is platform dependent!
2017-09-10 14:42:06,890 [Worker-53] INFO  o.e.m.c.i.embedder.EclipseLogger - Copying 0 resource
2017-09-10 14:42:06,890 [Worker-53] WARN  o.e.m.c.i.embedder.EclipseLogger - Using platform encoding (Cp1252 actually) to copy filtered resources, i.e. build is platform dependent!
2017-09-10 14:42:06,890 [Worker-53] INFO  o.e.m.c.i.embedder.EclipseLogger - Copying 0 resource
2017-09-10 14:48:08,036 [Worker-53] WARN  o.e.m.c.i.embedder.EclipseLogger - Using platform encoding (Cp1252 actually) to copy filtered resources, i.e. build is platform dependent!
2017-09-10 14:48:08,036 [Worker-53] INFO  o.e.m.c.i.embedder.EclipseLogger - Copying 0 resource
2017-09-10 14:48:08,036 [Worker-53] WARN  o.e.m.c.i.embedder.EclipseLogger - Using platform encoding (Cp1252 actually) to copy filtered resources, i.e. build is platform dependent!
2017-09-10 14:48:08,036 [Worker-53] INFO  o.e.m.c.i.embedder.EclipseLogger - Copying 0 resource
2017-09-10 14:52:18,408 [Worker-57] WARN  o.e.m.c.i.embedder.EclipseLogger - Using platform encoding (Cp1252 actually) to copy filtered resources, i.e. build is platform dependent!
2017-09-10 14:52:18,408 [Worker-57] INFO  o.e.m.c.i.embedder.EclipseLogger - Copying 0 resource
2017-09-10 14:52:18,408 [Worker-57] WARN  o.e.m.c.i.embedder.EclipseLogger - Using platform encoding (Cp1252 actually) to copy filtered resources, i.e. build is platform dependent!
2017-09-10 14:52:18,408 [Worker-57] INFO  o.e.m.c.i.embedder.EclipseLogger - Copying 0 resource
2017-09-10 14:55:25,431 [Worker-60] WARN  o.e.m.c.i.embedder.EclipseLogger - Using platform encoding (Cp1252 actually) to copy filtered resources, i.e. build is platform dependent!
2017-09-10 14:55:25,431 [Worker-60] INFO  o.e.m.c.i.embedder.EclipseLogger - Copying 0 resource
2017-09-10 14:55:25,431 [Worker-60] WARN  o.e.m.c.i.embedder.EclipseLogger - Using platform encoding (Cp1252 actually) to copy filtered resources, i.e. build is platform dependent!
2017-09-10 14:55:25,431 [Worker-60] INFO  o.e.m.c.i.embedder.EclipseLogger - Copying 0 resource
2017-09-10 15:45:22,368 [Worker-4] INFO  c.g.t.t.d.PublishedGradleVersions - Gradle version information cache is up-to-date. Trying to read.
2017-09-10 15:45:23,771 [Worker-12] WARN  o.e.m.c.i.embedder.EclipseLogger - Using platform encoding (Cp1252 actually) to copy filtered resources, i.e. build is platform dependent!
2017-09-10 15:45:23,784 [Worker-12] INFO  o.e.m.c.i.embedder.EclipseLogger - Copying 0 resource
2017-09-10 15:45:23,788 [Worker-12] WARN  o.e.m.c.i.embedder.EclipseLogger - Using platform encoding (Cp1252 actually) to copy filtered resources, i.e. build is platform dependent!
2017-09-10 15:45:23,797 [Worker-12] INFO  o.e.m.c.i.embedder.EclipseLogger - Copying 0 resource
2017-09-10 15:46:21,804 [Worker-8] INFO  o.e.m.c.i.p.ProjectConfigurationManager - Update started
2017-09-10 15:46:22,285 [Worker-8] INFO  o.e.m.c.i.l.LifecycleMappingFactory - Using org.maven.ide.eclipse.wtp.WarLifecycleMapping lifecycle mapping for MavenProject: com.ex.tutorial:AjaxJson:0.0.1-SNAPSHOT @ C:\Users\oracl\my_git_repos\1708Aug14Code\AJAX\AjaxJson\pom.xml.
2017-09-10 15:46:22,722 [Worker-8] INFO  o.e.m.j.i.AbstractJavaProjectConfigurator - Adding source folder /AjaxJson/src/main/java
2017-09-10 15:46:22,723 [Worker-8] INFO  o.e.m.j.i.AbstractJavaProjectConfigurator - Adding resource folder /AjaxJson/src/main/resources
2017-09-10 15:46:22,724 [Worker-8] INFO  o.e.m.j.i.AbstractJavaProjectConfigurator - Adding source folder /AjaxJson/src/test/java
2017-09-10 15:46:22,724 [Worker-8] INFO  o.e.m.j.i.AbstractJavaProjectConfigurator - Adding resource folder /AjaxJson/src/test/resources
2017-09-10 15:46:23,085 [Worker-8] INFO  o.e.m.w.i.f.ResourceFilteringBuildParticipant - Cleaning filtered folder for AjaxJson
2017-09-10 15:46:23,098 [Worker-8] INFO  o.e.m.c.i.p.ProjectConfigurationManager - Update completed: 1 sec
2017-09-10 15:46:23,276 [Worker-5] WARN  o.e.m.c.i.embedder.EclipseLogger - Using platform encoding (Cp1252 actually) to copy filtered resources, i.e. build is platform dependent!
2017-09-10 15:46:23,278 [Worker-5] INFO  o.e.m.c.i.embedder.EclipseLogger - Copying 0 resource
2017-09-10 15:46:23,280 [Worker-5] WARN  o.e.m.c.i.embedder.EclipseLogger - Using platform encoding (Cp1252 actually) to copy filtered resources, i.e. build is platform dependent!
2017-09-10 15:46:23,282 [Worker-5] INFO  o.e.m.c.i.embedder.EclipseLogger - Copying 0 resource
2017-09-10 15:46:23,283 [Worker-5] INFO  o.e.m.w.i.f.ResourceFilteringBuildParticipant - Changed resources require a complete clean of filtered resources of AjaxJson
2017-09-10 15:46:23,283 [Worker-5] INFO  o.e.m.w.i.f.ResourceFilteringBuildParticipant - Executing resource filtering for AjaxJson
2017-09-10 15:46:23,290 [Worker-5] WARN  o.e.m.c.i.embedder.EclipseLogger - Using platform encoding (Cp1252 actually) to copy filtered resources, i.e. build is platform dependent!
2017-09-10 15:49:28,250 [Worker-5] WARN  o.e.m.c.i.embedder.EclipseLogger - Using platform encoding (Cp1252 actually) to copy filtered resources, i.e. build is platform dependent!
2017-09-10 15:49:28,254 [Worker-5] INFO  o.e.m.c.i.embedder.EclipseLogger - Copying 0 resource
2017-09-10 15:49:28,256 [Worker-5] WARN  o.e.m.c.i.embedder.EclipseLogger - Using platform encoding (Cp1252 actually) to copy filtered resources, i.e. build is platform dependent!
2017-09-10 15:49:28,259 [Worker-5] INFO  o.e.m.c.i.embedder.EclipseLogger - Copying 0 resource
2017-09-10 15:49:33,271 [Worker-13] WARN  o.e.m.c.i.embedder.EclipseLogger - Using platform encoding (Cp1252 actually) to copy filtered resources, i.e. build is platform dependent!
2017-09-10 15:49:33,273 [Worker-13] INFO  o.e.m.c.i.embedder.EclipseLogger - Copying 0 resource
2017-09-10 15:49:33,277 [Worker-13] WARN  o.e.m.c.i.embedder.EclipseLogger - Using platform encoding (Cp1252 actually) to copy filtered resources, i.e. build is platform dependent!
2017-09-10 15:49:33,294 [Worker-13] INFO  o.e.m.c.i.embedder.EclipseLogger - Copying 0 resource
2017-09-10 15:50:18,150 [Worker-13] INFO  o.e.m.c.i.p.ProjectConfigurationManager - Update started
2017-09-10 15:50:18,543 [Worker-13] INFO  o.e.m.c.i.l.LifecycleMappingFactory - Using org.maven.ide.eclipse.wtp.WarLifecycleMapping lifecycle mapping for MavenProject: com.ex.tutorial:AjaxJson:0.0.1-SNAPSHOT @ C:\Users\oracl\my_git_repos\1708Aug14Code\AJAX\AjaxJson\pom.xml.
2017-09-10 15:50:18,875 [Worker-13] INFO  o.e.m.j.i.AbstractJavaProjectConfigurator - Adding source folder /AjaxJson/src/main/java
2017-09-10 15:50:18,875 [Worker-13] INFO  o.e.m.j.i.AbstractJavaProjectConfigurator - Adding resource folder /AjaxJson/src/main/resources
2017-09-10 15:50:18,876 [Worker-13] INFO  o.e.m.j.i.AbstractJavaProjectConfigurator - Adding source folder /AjaxJson/src/test/java
2017-09-10 15:50:18,876 [Worker-13] INFO  o.e.m.j.i.AbstractJavaProjectConfigurator - Adding resource folder /AjaxJson/src/test/resources
2017-09-10 15:50:19,064 [Worker-13] INFO  o.e.m.w.i.f.ResourceFilteringBuildParticipant - Cleaning filtered folder for AjaxJson
2017-09-10 15:50:19,070 [Worker-13] INFO  o.e.m.c.i.p.ProjectConfigurationManager - Update completed: 0 sec
2017-09-10 15:50:19,218 [Worker-19] WARN  o.e.m.c.i.embedder.EclipseLogger - Using platform encoding (Cp1252 actually) to copy filtered resources, i.e. build is platform dependent!
2017-09-10 15:50:19,220 [Worker-19] INFO  o.e.m.c.i.embedder.EclipseLogger - Copying 0 resource
2017-09-10 15:50:19,223 [Worker-19] WARN  o.e.m.c.i.embedder.EclipseLogger - Using platform encoding (Cp1252 actually) to copy filtered resources, i.e. build is platform dependent!
2017-09-10 15:50:19,224 [Worker-19] INFO  o.e.m.c.i.embedder.EclipseLogger - Copying 0 resource
2017-09-10 15:50:19,225 [Worker-19] INFO  o.e.m.w.i.f.ResourceFilteringBuildParticipant - Changed resources require a complete clean of filtered resources of AjaxJson
2017-09-10 15:50:19,225 [Worker-19] INFO  o.e.m.w.i.f.ResourceFilteringBuildParticipant - Executing resource filtering for AjaxJson
2017-09-10 15:50:19,231 [Worker-19] WARN  o.e.m.c.i.embedder.EclipseLogger - Using platform encoding (Cp1252 actually) to copy filtered resources, i.e. build is platform dependent!
2017-09-10 15:56:30,341 [Worker-26] INFO  o.e.m.c.i.l.LifecycleMappingFactory - Using org.maven.ide.eclipse.wtp.WarLifecycleMapping lifecycle mapping for MavenProject: com.ex.tutorial:AjaxJson:0.0.1-SNAPSHOT @ C:\Users\oracl\my_git_repos\1708Aug14Code\AJAX\AjaxJson\pom.xml.
2017-09-10 15:56:30,668 [Worker-26] WARN  o.e.m.c.i.embedder.EclipseLogger - Using platform encoding (Cp1252 actually) to copy filtered resources, i.e. build is platform dependent!
2017-09-10 15:56:30,670 [Worker-26] INFO  o.e.m.c.i.embedder.EclipseLogger - Copying 0 resource
2017-09-10 15:56:30,671 [Worker-26] WARN  o.e.m.c.i.embedder.EclipseLogger - Using platform encoding (Cp1252 actually) to copy filtered resources, i.e. build is platform dependent!
2017-09-10 15:56:30,672 [Worker-26] INFO  o.e.m.c.i.embedder.EclipseLogger - Copying 0 resource
2017-09-10 15:56:30,673 [Worker-26] INFO  o.e.m.w.i.f.ResourceFilteringBuildParticipant - Changed resources require a complete clean of filtered resources of AjaxJson
2017-09-10 15:56:30,673 [Worker-26] INFO  o.e.m.w.i.f.ResourceFilteringBuildParticipant - Executing resource filtering for AjaxJson
2017-09-10 15:56:30,676 [Worker-26] WARN  o.e.m.c.i.embedder.EclipseLogger - Using platform encoding (Cp1252 actually) to copy filtered resources, i.e. build is platform dependent!
2017-09-10 15:56:40,471 [Worker-25] INFO  o.e.m.c.i.p.ProjectConfigurationManager - Update started
2017-09-10 15:56:40,804 [Worker-25] INFO  o.e.m.c.i.l.LifecycleMappingFactory - Using org.maven.ide.eclipse.wtp.WarLifecycleMapping lifecycle mapping for MavenProject: com.ex.tutorial:AjaxJson:0.0.1-SNAPSHOT @ C:\Users\oracl\my_git_repos\1708Aug14Code\AJAX\AjaxJson\pom.xml.
2017-09-10 15:56:41,132 [Worker-25] INFO  o.e.m.j.i.AbstractJavaProjectConfigurator - Adding source folder /AjaxJson/src/main/java
2017-09-10 15:56:41,132 [Worker-25] INFO  o.e.m.j.i.AbstractJavaProjectConfigurator - Adding resource folder /AjaxJson/src/main/resources
2017-09-10 15:56:41,132 [Worker-25] INFO  o.e.m.j.i.AbstractJavaProjectConfigurator - Adding source folder /AjaxJson/src/test/java
2017-09-10 15:56:41,132 [Worker-25] INFO  o.e.m.j.i.AbstractJavaProjectConfigurator - Adding resource folder /AjaxJson/src/test/resources
2017-09-10 15:56:41,385 [Worker-25] INFO  o.e.m.w.i.f.ResourceFilteringBuildParticipant - Cleaning filtered folder for AjaxJson
2017-09-10 15:56:41,391 [Worker-25] INFO  o.e.m.c.i.p.ProjectConfigurationManager - Update completed: 0 sec
2017-09-10 15:56:41,941 [Worker-26] WARN  o.e.m.c.i.embedder.EclipseLogger - Using platform encoding (Cp1252 actually) to copy filtered resources, i.e. build is platform dependent!
2017-09-10 15:56:41,943 [Worker-26] INFO  o.e.m.c.i.embedder.EclipseLogger - Copying 0 resource
2017-09-10 15:56:41,946 [Worker-26] WARN  o.e.m.c.i.embedder.EclipseLogger - Using platform encoding (Cp1252 actually) to copy filtered resources, i.e. build is platform dependent!
2017-09-10 15:56:41,948 [Worker-26] INFO  o.e.m.c.i.embedder.EclipseLogger - Copying 0 resource
2017-09-10 15:56:41,949 [Worker-26] INFO  o.e.m.w.i.f.ResourceFilteringBuildParticipant - Changed resources require a complete clean of filtered resources of AjaxJson
2017-09-10 15:56:41,949 [Worker-26] INFO  o.e.m.w.i.f.ResourceFilteringBuildParticipant - Executing resource filtering for AjaxJson
2017-09-10 15:56:41,955 [Worker-26] WARN  o.e.m.c.i.embedder.EclipseLogger - Using platform encoding (Cp1252 actually) to copy filtered resources, i.e. build is platform dependent!
2017-09-10 16:05:04,460 [Worker-6] INFO  c.g.t.t.d.PublishedGradleVersions - Gradle version information cache is up-to-date. Trying to read.
2017-09-10 16:05:07,790 [Worker-12] WARN  o.e.m.c.i.embedder.EclipseLogger - Using platform encoding (Cp1252 actually) to copy filtered resources, i.e. build is platform dependent!
2017-09-10 16:05:07,799 [Worker-12] INFO  o.e.m.c.i.embedder.EclipseLogger - Copying 0 resource
2017-09-10 16:05:07,803 [Worker-12] WARN  o.e.m.c.i.embedder.EclipseLogger - Using platform encoding (Cp1252 actually) to copy filtered resources, i.e. build is platform dependent!
2017-09-10 16:05:07,805 [Worker-12] INFO  o.e.m.c.i.embedder.EclipseLogger - Copying 0 resource
2017-09-10 17:12:16,877 [Worker-1] INFO  c.g.t.t.d.PublishedGradleVersions - Gradle version information cache is up-to-date. Trying to read.
2017-09-10 17:12:18,174 [Worker-10] WARN  o.e.m.c.i.embedder.EclipseLogger - Using platform encoding (Cp1252 actually) to copy filtered resources, i.e. build is platform dependent!
2017-09-10 17:12:18,221 [Worker-10] INFO  o.e.m.c.i.embedder.EclipseLogger - Copying 0 resource
2017-09-10 17:12:18,252 [Worker-10] WARN  o.e.m.c.i.embedder.EclipseLogger - Using platform encoding (Cp1252 actually) to copy filtered resources, i.e. build is platform dependent!
2017-09-10 17:12:18,252 [Worker-10] INFO  o.e.m.c.i.embedder.EclipseLogger - Copying 0 resource
