2017-09-04 13:08:40 INFO  Service:15 - An attempt to validate user login was made. (username: bob)
2017-09-04 13:17:33 INFO  Service:15 - An attempt to validate user login was made. (username: mgr1)
2017-09-04 13:39:07 INFO  Service:15 - An attempt to validate user login was made. (username: bob)
2017-09-04 13:56:54 INFO  Service:15 - An attempt to validate user login was made. (username: bob)
2017-09-04 13:57:30 INFO  Service:15 - An attempt to validate user login was made. (username: bob)
2017-09-04 14:04:42 INFO  Service:15 - An attempt to validate user login was made. (username: bob)
2017-09-04 14:06:38 INFO  Service:15 - An attempt to validate user login was made. (username: bob)
2017-09-04 14:12:18 INFO  Service:15 - An attempt to validate user login was made. (username: bob)
2017-09-04 14:15:35 INFO  Service:15 - An attempt to validate user login was made. (username: bob)
2017-09-04 14:15:44 INFO  Service:15 - An attempt to validate user login was made. (username: bob)
2017-09-04 14:18:28 INFO  Service:15 - An attempt to validate user login was made. (username: bob)
2017-09-04 14:26:36 INFO  Service:15 - An attempt to validate user login was made. (username: bob)
2017-09-04 14:32:36 INFO  Service:15 - An attempt to validate user login was made. (username: bob)
2017-09-04 15:13:05 INFO  Service:15 - An attempt to validate user login was made. (username: bob)
2017-09-04 15:15:36 INFO  Service:15 - An attempt to validate user login was made. (username: bob)
2017-09-04 16:55:27 INFO  Service:15 - An attempt to validate user login was made. (username: mgr1)
2017-09-04 16:56:16 INFO  Service:15 - An attempt to validate user login was made. (username: mgr1)
2017-09-04 16:56:34 INFO  Service:15 - An attempt to validate user login was made. (username: mgr1)
2017-09-04 16:57:33 INFO  Service:15 - An attempt to validate user login was made. (username: mgr1)
2017-09-04 16:58:55 INFO  Service:15 - An attempt to validate user login was made. (username: mgr1)
2017-09-04 17:00:16 INFO  Service:15 - An attempt to validate user login was made. (username: mgr1)
2017-09-04 17:02:18 INFO  Service:15 - An attempt to validate user login was made. (username: mgr1)
2017-09-04 17:31:31 INFO  Service:15 - An attempt to validate user login was made. (username: mgr1)
2017-09-04 17:43:36 INFO  Service:15 - An attempt to validate user login was made. (username: mgr1)
2017-09-04 17:45:29 INFO  Service:15 - An attempt to validate user login was made. (username: mgr1)
2017-09-06 13:45:38 INFO  Service:15 - An attempt to validate user login was made. (username: bob)
2017-09-06 13:46:24 INFO  Service:15 - An attempt to validate user login was made. (username: bob)
2017-09-06 13:47:43 INFO  Service:15 - An attempt to validate user login was made. (username: bob)
2017-09-06 13:48:02 INFO  Service:15 - An attempt to validate user login was made. (username: bob)
2017-09-06 13:51:38 INFO  Service:15 - An attempt to validate user login was made. (username: bob)
2017-09-06 13:57:49 INFO  Service:15 - An attempt to validate user login was made. (username: mgr1)
2017-09-07 17:03:45 INFO  Service:15 - An attempt to validate user login was made. (username: bob)
2017-09-07 17:04:10 INFO  Service:15 - An attempt to validate user login was made. (username: mgr1)
2017-09-08 16:48:35 INFO  Service:15 - An attempt to validate user login was made. (username: bob)
2017-09-10 10:55:45 INFO  Service:15 - An attempt to validate user login was made. (username: bob)
2017-09-10 10:57:07 INFO  Service:15 - An attempt to validate user login was made. (username: bob)
2017-09-10 11:15:08 INFO  Service:15 - An attempt to validate user login was made. (username: mgr1)
2017-09-10 11:28:49 INFO  Service:15 - An attempt to validate user login was made. (username: mgr1)
2017-09-10 15:37:45 INFO  Service:15 - An attempt to validate user login was made. (username: mgr1)
2017-09-10 15:41:37 INFO  Service:15 - An attempt to validate user login was made. (username: mgr1)
2017-09-10 15:44:35 INFO  Service:15 - An attempt to validate user login was made. (username: mgr1)
2017-09-10 16:10:26 INFO  Service:15 - An attempt to validate user login was made. (username: mgr1)
2017-09-10 16:14:36 INFO  Service:15 - An attempt to validate user login was made. (username: mgr1)
2017-09-10 16:15:17 INFO  Service:15 - An attempt to validate user login was made. (username: mgr1)
2017-09-10 16:16:12 INFO  Service:15 - An attempt to validate user login was made. (username: mgr1)
2017-09-10 16:17:15 INFO  Service:15 - An attempt to validate user login was made. (username: mgr1)
2017-09-10 16:21:07 INFO  Service:15 - An attempt to validate user login was made. (username: mgr1)
2017-09-10 16:22:11 INFO  Service:15 - An attempt to validate user login was made. (username: mgr1)
2017-09-10 16:31:27 INFO  Service:15 - An attempt to validate user login was made. (username: mgr1)
2017-09-10 16:34:25 INFO  Service:15 - An attempt to validate user login was made. (username: mgr1)
2017-09-10 16:40:29 INFO  Service:15 - An attempt to validate user login was made. (username: mgr1)
2017-09-10 16:42:00 INFO  Service:15 - An attempt to validate user login was made. (username: mgr1)
2017-09-10 16:45:12 INFO  Service:15 - An attempt to validate user login was made. (username: mgr1)
2017-09-10 16:46:34 INFO  Service:15 - An attempt to validate user login was made. (username: mgr1)
2017-09-10 16:51:16 INFO  Service:15 - An attempt to validate user login was made. (username: mgr1)
2017-09-10 16:53:38 INFO  Service:15 - An attempt to validate user login was made. (username: mgr1)
2017-09-10 16:56:19 INFO  Service:15 - An attempt to validate user login was made. (username: mgr1)
2017-09-10 17:00:32 INFO  Service:15 - An attempt to validate user login was made. (username: mgr1)
2017-09-10 17:03:36 INFO  Service:15 - An attempt to validate user login was made. (username: mgr1)
2017-09-10 17:06:45 INFO  Service:15 - An attempt to validate user login was made. (username: mgr1)
2017-09-10 17:09:43 INFO  Service:15 - An attempt to validate user login was made. (username: mgr1)
2017-09-10 17:30:19 INFO  Service:15 - An attempt to validate user login was made. (username: mgr1)
2017-09-10 19:17:18 INFO  Service:15 - An attempt to validate user login was made. (username: mgr1)
2017-09-10 19:30:56 INFO  Service:15 - An attempt to validate user login was made. (username: mgr1)
2017-09-10 19:37:07 INFO  Service:15 - An attempt to validate user login was made. (username: mgr1)
2017-09-10 19:39:03 INFO  Service:15 - An attempt to validate user login was made. (username: mgr1)
2017-09-10 19:43:34 INFO  Service:15 - An attempt to validate user login was made. (username: mgr1)
2017-09-10 20:29:16 INFO  Service:15 - An attempt to validate user login was made. (username: bob)
2017-09-10 20:29:45 INFO  Service:15 - An attempt to validate user login was made. (username: bob)
2017-09-10 20:40:00 INFO  Service:15 - An attempt to validate user login was made. (username: mgr1)
2017-09-10 20:48:08 INFO  Service:15 - An attempt to validate user login was made. (username: mgr1)
2017-09-10 20:51:21 INFO  Service:15 - An attempt to validate user login was made. (username: mgr1)
2017-09-10 20:53:16 INFO  Service:15 - An attempt to validate user login was made. (username: bob)
2017-09-10 20:55:14 INFO  Service:15 - An attempt to validate user login was made. (username: bob)
2017-09-10 20:57:03 INFO  Service:15 - An attempt to validate user login was made. (username: bob)
2017-09-10 20:57:10 INFO  Service:15 - An attempt to validate user login was made. (username: bob)
2017-09-10 20:59:04 INFO  Service:15 - An attempt to validate user login was made. (username: bob)
2017-09-10 20:59:43 INFO  Service:15 - An attempt to validate user login was made. (username: bob)
2017-09-10 21:04:16 INFO  Service:15 - An attempt to validate user login was made. (username: mgr1)
2017-09-10 21:04:40 INFO  Service:15 - An attempt to validate user login was made. (username: bob)
2017-09-10 21:04:57 INFO  Service:15 - An attempt to validate user login was made. (username: mgr1)
2017-09-10 21:09:11 INFO  Service:15 - An attempt to validate user login was made. (username: bob)
2017-09-10 21:12:49 INFO  Service:15 - An attempt to validate user login was made. (username: bob)
2017-09-10 21:13:03 INFO  Service:15 - An attempt to validate user login was made. (username: bob)
2017-09-10 21:13:17 INFO  Service:15 - An attempt to validate user login was made. (username: bob)
2017-09-10 21:13:26 INFO  Service:15 - An attempt to validate user login was made. (username: bob)
2017-09-10 21:18:52 INFO  Service:15 - An attempt to validate user login was made. (username: bob)
2017-09-10 21:19:17 INFO  Service:15 - An attempt to validate user login was made. (username: bob)
2017-09-10 21:20:10 INFO  Service:15 - An attempt to validate user login was made. (username: bob)
2017-09-10 21:20:29 INFO  Service:15 - An attempt to validate user login was made. (username: bob)
2017-09-11 08:27:23 INFO  Service:15 - An attempt to validate user login was made. (username: bob)
2017-09-11 08:28:28 INFO  Service:15 - An attempt to validate user login was made. (username: mgr1)
2017-09-11 10:09:58 INFO  Service:15 - An attempt to validate user login was made. (username: bob)
2017-09-11 10:52:04 INFO  Service:15 - An attempt to validate user login was made. (username: bob)
2017-09-11 10:53:02 INFO  Service:15 - An attempt to validate user login was made. (username: mgr1)
2017-09-11 20:56:14 INFO  Service:15 - An attempt to validate user login was made. (username: bob)
2017-09-11 20:57:16 INFO  Service:15 - An attempt to validate user login was made. (username: bob)
2017-09-11 20:57:35 INFO  Service:15 - An attempt to validate user login was made. (username: mgr1)
2017-09-12 06:55:31 INFO  Service:15 - An attempt to validate user login was made. (username: bob)
2017-09-12 06:58:08 INFO  Service:15 - An attempt to validate user login was made. (username: bob)
2017-09-12 06:58:41 INFO  Service:15 - An attempt to validate user login was made. (username: mgr1)
2017-09-12 07:03:38 INFO  Service:15 - An attempt to validate user login was made. (username: mgr1)
2017-09-12 07:03:55 INFO  Service:15 - An attempt to validate user login was made. (username: mgr1)
2017-09-12 07:04:25 INFO  Service:15 - An attempt to validate user login was made. (username: mgr1)
2017-09-12 07:05:02 INFO  Service:15 - An attempt to validate user login was made. (username: bob)
2017-09-12 07:05:36 INFO  Service:15 - An attempt to validate user login was made. (username: mgr1)
2017-09-12 07:05:54 INFO  Service:15 - An attempt to validate user login was made. (username: mgr1)
2017-09-12 07:06:40 INFO  Service:15 - An attempt to validate user login was made. (username: bob)
2017-09-12 07:06:58 INFO  Service:15 - An attempt to validate user login was made. (username: mgr1)
2017-09-12 07:10:01 INFO  Service:15 - An attempt to validate user login was made. (username: bob)
2017-09-12 07:10:21 INFO  Service:15 - An attempt to validate user login was made. (username: mgr1)
2017-09-12 07:10:43 INFO  Service:15 - An attempt to validate user login was made. (username: mgr1)
2017-09-12 07:14:05 INFO  Service:15 - An attempt to validate user login was made. (username: mgr1)
2017-09-12 07:16:03 INFO  Service:15 - An attempt to validate user login was made. (username: mgr1)
2017-09-12 07:26:42 INFO  Service:15 - An attempt to validate user login was made. (username: bob)
2017-09-12 07:28:13 INFO  Service:15 - An attempt to validate user login was made. (username: bob)
2017-09-12 07:28:22 INFO  Service:15 - An attempt to validate user login was made. (username: bob)
2017-09-12 07:29:07 INFO  Service:15 - An attempt to validate user login was made. (username: bob)
2017-09-12 07:30:04 INFO  Service:15 - An attempt to validate user login was made. (username: bob)
2017-09-12 07:42:37 INFO  Service:15 - An attempt to validate user login was made. (username: bob)
2017-09-12 07:56:08 INFO  Service:15 - An attempt to validate user login was made. (username: bob)
2017-09-12 07:56:36 INFO  Service:15 - An attempt to validate user login was made. (username: bob)
2017-09-12 08:36:29 INFO  Service:15 - An attempt to validate user login was made. (username: bob)
2017-09-12 08:36:56 INFO  Service:15 - An attempt to validate user login was made. (username: bob)
2017-09-12 08:38:08 INFO  Service:15 - An attempt to validate user login was made. (username: bob)
2017-09-12 08:40:19 INFO  Service:15 - An attempt to validate user login was made. (username: bob)
2017-09-12 08:40:43 INFO  Service:15 - An attempt to validate user login was made. (username: mgr1)
2017-09-12 08:40:57 INFO  Service:15 - An attempt to validate user login was made. (username: mgr1)
2017-09-12 08:43:56 INFO  Service:15 - An attempt to validate user login was made. (username: bob)
2017-09-12 08:44:19 INFO  Service:15 - An attempt to validate user login was made. (username: mgr1)
2017-09-12 08:44:32 INFO  Service:15 - An attempt to validate user login was made. (username: mgr1)
2017-09-12 08:45:28 INFO  Service:15 - An attempt to validate user login was made. (username: mgr1)
2017-09-12 09:26:57 INFO  Service:15 - An attempt to validate user login was made. (username: bob)
2017-09-12 09:27:18 INFO  Service:15 - An attempt to validate user login was made. (username: bob)
2017-09-12 09:31:39 INFO  Service:15 - An attempt to validate user login was made. (username: bob)
2017-09-12 09:32:43 INFO  Service:15 - An attempt to validate user login was made. (username: bob)
2017-09-12 09:51:46 INFO  Service:15 - An attempt to validate user login was made. (username: bob)
2017-09-12 09:58:10 INFO  Service:15 - An attempt to validate user login was made. (username: bob)
2017-09-12 10:01:05 INFO  Service:15 - An attempt to validate user login was made. (username: bob)
2017-09-12 10:06:46 INFO  Service:15 - An attempt to validate user login was made. (username: bob)
2017-09-12 10:06:57 INFO  Service:15 - An attempt to validate user login was made. (username: mgr1)
2017-09-12 10:17:12 INFO  Service:15 - An attempt to validate user login was made. (username: bob)
2017-09-12 10:18:35 INFO  Service:15 - An attempt to validate user login was made. (username: bob)
2017-09-12 13:19:22 INFO  Service:16 - An attempt to validate user login was made. (username: bob)
2017-09-12 13:21:34 INFO  Service:16 - An attempt to validate user login was made. (username: bob)
2017-09-12 13:22:05 INFO  Service:16 - An attempt to validate user login was made. (username: bob)
2017-09-12 13:22:30 INFO  Service:16 - An attempt to validate user login was made. (username: bob)
2017-09-12 13:33:00 INFO  Service:16 - An attempt to validate user login was made. (username: bob)
2017-09-12 13:36:04 INFO  Service:16 - An attempt to validate user login was made. (username: bob)
2017-09-12 13:38:57 INFO  Service:16 - An attempt to validate user login was made. (username: bob)
2017-09-12 13:43:01 INFO  Service:16 - An attempt to validate user login was made. (username: bob)
2017-09-12 13:44:29 INFO  Service:16 - An attempt to validate user login was made. (username: bob)
2017-09-12 13:46:40 INFO  Service:16 - An attempt to validate user login was made. (username: bob)
2017-09-12 13:47:09 INFO  Service:16 - An attempt to validate user login was made. (username: bob)
2017-09-12 17:42:08 INFO  Service:16 - An attempt to validate user login was made. (username: bob)
2017-09-12 17:43:51 INFO  Service:16 - An attempt to validate user login was made. (username: bob)
2017-09-12 17:50:49 INFO  Service:16 - An attempt to validate user login was made. (username: mgr1)
2017-09-12 18:55:26 INFO  Service:16 - An attempt to validate user login was made. (username: bob)
2017-09-12 18:57:06 INFO  Service:16 - An attempt to validate user login was made. (username: bob)
2017-09-12 18:57:16 INFO  Service:16 - An attempt to validate user login was made. (username: bob)
2017-09-12 19:06:10 INFO  Service:16 - An attempt to validate user login was made. (username: bob)
2017-09-12 19:07:17 INFO  Service:16 - An attempt to validate user login was made. (username: mgr1)
2017-09-12 19:07:23 INFO  Service:16 - An attempt to validate user login was made. (username: mgr1)
2017-09-12 19:07:56 INFO  Service:16 - An attempt to validate user login was made. (username: mgr1)
2017-09-12 19:09:59 INFO  Service:16 - An attempt to validate user login was made. (username: mgr1)
2017-09-12 19:10:05 INFO  Service:16 - An attempt to validate user login was made. (username: mgr1)
2017-09-12 19:13:39 INFO  Service:16 - An attempt to validate user login was made. (username: mgr1)
2017-09-12 19:22:10 INFO  Service:16 - An attempt to validate user login was made. (username: bobby)
2017-09-12 19:22:29 INFO  Service:16 - An attempt to validate user login was made. (username: bob)
2017-09-12 19:22:45 INFO  Service:16 - An attempt to validate user login was made. (username: mgr1)
2017-09-12 19:27:15 INFO  Service:16 - An attempt to validate user login was made. (username: mgr1)
2017-09-12 19:37:23 INFO  Service:16 - An attempt to validate user login was made. (username: mgr1)
2017-09-12 19:40:22 INFO  Service:16 - An attempt to validate user login was made. (username: mgr1)
2017-09-12 19:41:42 INFO  Service:16 - An attempt to validate user login was made. (username: bob)
2017-09-12 19:41:52 INFO  Service:16 - An attempt to validate user login was made. (username: mgr1)
2017-09-12 19:47:27 INFO  Service:16 - An attempt to validate user login was made. (username: mgr1)
2017-09-12 19:49:01 INFO  Service:16 - An attempt to validate user login was made. (username: mgr1)
2017-09-12 19:49:11 INFO  Service:16 - An attempt to validate user login was made. (username: mgr1)
2017-09-12 19:54:32 INFO  Service:16 - An attempt to validate user login was made. (username: mgr1)
2017-09-12 19:58:37 INFO  Service:16 - An attempt to validate user login was made. (username: mgr1)
2017-09-12 21:17:28 INFO  Service:16 - An attempt to validate user login was made. (username: mgr1)
2017-09-12 21:18:42 INFO  Service:16 - An attempt to validate user login was made. (username: mgr1)
2017-09-12 21:23:40 INFO  Service:16 - An attempt to validate user login was made. (username: mgr1)
2017-09-12 21:27:47 INFO  Service:16 - An attempt to validate user login was made. (username: mgr1)
2017-09-12 21:30:32 INFO  Service:16 - An attempt to validate user login was made. (username: mgr1)
2017-09-12 21:33:54 INFO  Service:16 - An attempt to validate user login was made. (username: mgr1)
2017-09-12 21:34:11 INFO  Service:16 - An attempt to validate user login was made. (username: mgr1)
2017-09-12 21:39:55 INFO  Service:16 - An attempt to validate user login was made. (username: mgr1)
2017-09-12 21:48:47 INFO  Service:16 - An attempt to validate user login was made. (username: mgr1)
2017-09-12 21:54:05 INFO  Service:16 - An attempt to validate user login was made. (username: mgr1)
2017-09-12 21:56:45 INFO  Service:16 - An attempt to validate user login was made. (username: mgr1)
2017-09-13 07:49:34 INFO  Service:16 - An attempt to validate user login was made. (username: mgr1)
2017-09-13 07:51:02 INFO  Service:16 - An attempt to validate user login was made. (username: mgr1)
2017-09-13 08:23:29 INFO  Service:16 - An attempt to validate user login was made. (username: mgr1)
2017-09-13 08:25:46 INFO  Service:16 - An attempt to validate user login was made. (username: mgr1)
2017-09-13 08:27:58 INFO  Service:16 - An attempt to validate user login was made. (username: bob)
2017-09-13 08:28:36 INFO  Service:16 - An attempt to validate user login was made. (username: mgr1)
2017-09-13 08:59:40 INFO  Service:16 - An attempt to validate user login was made. (username: mgr1)
2017-09-13 09:08:14 INFO  Service:16 - An attempt to validate user login was made. (username: mgr1)
2017-09-13 09:10:08 INFO  Service:16 - An attempt to validate user login was made. (username: mgr1)
2017-09-13 18:45:24 INFO  Service:18 - An attempt to validate user login was made. (username: mgr1)
2017-09-13 18:49:28 INFO  Service:18 - An attempt to validate user login was made. (username: mgr1)
2017-09-13 18:59:05 INFO  Service:18 - An attempt to validate user login was made. (username: mgr1)
2017-09-13 19:03:42 INFO  Service:18 - An attempt to validate user login was made. (username: mgr1)
2017-09-13 19:07:06 INFO  Service:18 - An attempt to validate user login was made. (username: mgr1)
2017-09-13 19:08:49 INFO  Service:18 - An attempt to validate user login was made. (username: mgr1)
2017-09-13 19:19:57 INFO  Service:18 - An attempt to validate user login was made. (username: mgr1)
2017-09-13 19:22:29 INFO  Service:18 - An attempt to validate user login was made. (username: mgr1)
2017-09-13 19:31:31 INFO  Service:18 - An attempt to validate user login was made. (username: mgr1)
2017-09-13 19:32:39 INFO  Service:18 - An attempt to validate user login was made. (username: mgr1)
2017-09-13 19:42:13 INFO  Service:18 - An attempt to validate user login was made. (username: mgr1)
2017-09-13 19:55:46 INFO  Service:18 - An attempt to validate user login was made. (username: mgr1)
2017-09-13 20:01:30 INFO  Service:18 - An attempt to validate user login was made. (username: mgr1)
2017-09-13 20:13:12 INFO  Service:18 - An attempt to validate user login was made. (username: bob)
2017-09-13 20:58:10 INFO  Service:18 - An attempt to validate user login was made. (username: bob)
2017-09-13 20:59:38 INFO  Service:18 - An attempt to validate user login was made. (username: bob)
2017-09-13 21:10:29 INFO  Service:18 - An attempt to validate user login was made. (username: bob)
2017-09-13 21:11:00 INFO  Service:18 - An attempt to validate user login was made. (username: mgr1)
2017-09-13 21:14:19 INFO  Service:18 - An attempt to validate user login was made. (username: bob)
2017-09-14 07:27:56 INFO  Service:18 - An attempt to validate user login was made. (username: bob)
2017-09-14 08:31:04 INFO  Service:18 - An attempt to validate user login was made. (username: mgr1)
2017-09-14 08:37:24 INFO  Service:18 - An attempt to validate user login was made. (username: mgr1)
2017-09-14 08:59:19 INFO  Service:18 - An attempt to validate user login was made. (username: mgr1)
2017-09-14 09:01:03 INFO  Service:18 - An attempt to validate user login was made. (username: mgr1)
2017-09-14 09:13:24 INFO  Service:18 - An attempt to validate user login was made. (username: mgr1)
2017-09-14 09:25:13 INFO  Service:18 - An attempt to validate user login was made. (username: mgr1)
2017-09-14 09:28:23 INFO  Service:18 - An attempt to validate user login was made. (username: mgr1)
2017-09-14 09:29:22 INFO  Service:18 - An attempt to validate user login was made. (username: mgr1)
2017-09-14 09:40:51 INFO  Service:18 - An attempt to validate user login was made. (username: mgr1)
2017-09-14 09:44:27 INFO  Service:18 - An attempt to validate user login was made. (username: mgr1)
2017-09-14 09:45:36 INFO  Service:18 - An attempt to validate user login was made. (username: mgr1)
2017-09-14 09:47:48 INFO  Service:18 - An attempt to validate user login was made. (username: mgr1)
2017-09-14 09:52:04 INFO  Service:18 - An attempt to validate user login was made. (username: mgr1)
2017-09-14 09:55:46 INFO  Service:18 - An attempt to validate user login was made. (username: mgr1)
2017-09-14 09:56:56 INFO  Service:18 - An attempt to validate user login was made. (username: mgr1)
2017-09-14 10:05:59 INFO  Service:18 - An attempt to validate user login was made. (username: mgr1)
2017-09-14 10:13:47 INFO  Service:18 - An attempt to validate user login was made. (username: mgr1)
2017-09-14 10:21:22 INFO  Service:18 - An attempt to validate user login was made. (username: mgr1)
2017-09-14 10:22:21 INFO  Service:18 - An attempt to validate user login was made. (username: mgr1)
2017-09-14 10:23:33 INFO  Service:18 - An attempt to validate user login was made. (username: mgr1)
2017-09-14 10:37:28 INFO  Service:18 - An attempt to validate user login was made. (username: bob)
2017-09-14 10:39:34 INFO  Service:18 - An attempt to validate user login was made. (username: bob)
2017-09-14 10:43:09 INFO  Service:18 - An attempt to validate user login was made. (username: bob)
2017-09-14 10:52:37 INFO  Service:18 - An attempt to validate user login was made. (username: mgr1)
2017-09-14 10:54:46 INFO  Service:18 - An attempt to validate user login was made. (username: mgr1)
2017-09-14 10:56:38 INFO  Service:18 - An attempt to validate user login was made. (username: mgr1)
2017-09-14 11:05:45 INFO  Service:18 - An attempt to validate user login was made. (username: mgr1)
2017-09-14 11:08:39 INFO  Service:18 - An attempt to validate user login was made. (username: mgr1)
2017-09-14 11:13:19 INFO  Service:18 - An attempt to validate user login was made. (username: mgr1)
2017-09-14 11:39:02 INFO  Service:18 - An attempt to validate user login was made. (username: mgr1)
2017-09-14 11:41:58 INFO  Service:18 - An attempt to validate user login was made. (username: mgr1)
2017-09-14 11:50:15 INFO  Service:18 - An attempt to validate user login was made. (username: mgr1)
2017-09-14 11:59:08 INFO  Service:18 - An attempt to validate user login was made. (username: mgr1)
2017-09-14 12:00:57 INFO  Service:18 - An attempt to validate user login was made. (username: mgr1)
2017-09-14 12:39:34 INFO  Service:18 - An attempt to validate user login was made. (username: bob)
2017-09-14 12:41:25 INFO  Service:18 - An attempt to validate user login was made. (username: mgr1)
2017-09-14 12:48:51 INFO  Service:18 - An attempt to validate user login was made. (username: bob)
2017-09-14 12:49:00 INFO  Service:18 - An attempt to validate user login was made. (username: bob)
2017-09-14 12:59:37 INFO  Service:18 - An attempt to validate user login was made. (username: bob)
2017-09-14 13:04:30 INFO  Service:18 - An attempt to validate user login was made. (username: bob)
2017-09-14 13:10:08 INFO  Service:18 - An attempt to validate user login was made. (username: bob)
2017-09-14 13:13:10 INFO  Service:18 - An attempt to validate user login was made. (username: bob)
2017-09-14 13:19:32 INFO  Service:18 - An attempt to validate user login was made. (username: bob)
2017-09-14 13:20:05 INFO  Service:18 - An attempt to validate user login was made. (username: bob)
2017-09-14 13:22:50 INFO  Service:18 - An attempt to validate user login was made. (username: bob)
2017-09-14 13:24:44 INFO  Service:18 - An attempt to validate user login was made. (username: bob)
2017-09-14 13:30:29 INFO  Service:18 - An attempt to validate user login was made. (username: bob)
2017-09-14 13:35:46 INFO  Service:18 - An attempt to validate user login was made. (username: bob)
2017-09-14 13:40:45 INFO  Service:18 - An attempt to validate user login was made. (username: bob)
2017-09-14 13:44:58 INFO  Service:18 - An attempt to validate user login was made. (username: bob)
2017-09-14 14:00:57 INFO  Service:18 - An attempt to validate user login was made. (username: bob)
2017-09-14 15:20:27 INFO  Service:18 - An attempt to validate user login was made. (username: bob)
2017-09-14 15:37:56 INFO  Service:18 - An attempt to validate user login was made. (username: mgr1)
2017-09-14 15:59:01 INFO  Service:18 - An attempt to validate user login was made. (username: bob)
2017-09-14 16:18:49 INFO  Service:18 - An attempt to validate user login was made. (username: bob)
2017-09-14 16:19:08 INFO  Service:40 - An attempt was made to submit a Reimbursement Request.
2017-09-14 16:25:05 INFO  Service:18 - An attempt to validate user login was made. (username: bob)
2017-09-14 16:29:28 INFO  Service:18 - An attempt to validate user login was made. (username: Gen)
2017-09-14 18:57:33 INFO  Service:18 - An attempt to validate user login was made. (username: mgr1)
2017-09-14 18:57:41 INFO  Service:18 - An attempt to validate user login was made. (username: bob)
2017-09-14 19:03:56 INFO  Service:18 - An attempt to validate user login was made. (username: bob)
2017-09-14 21:38:15 INFO  Service:18 - An attempt to validate user login was made. (username: bob)
2017-09-15 07:23:54 INFO  Service:18 - An attempt to validate user login was made. (username: bob)
2017-09-15 07:25:20 INFO  Service:18 - An attempt to validate user login was made. (username: bob)
2017-09-15 07:28:30 INFO  Service:18 - An attempt to validate user login was made. (username: bob)
2017-09-15 07:29:47 INFO  Service:18 - An attempt to validate user login was made. (username: bob)
2017-09-15 07:29:57 INFO  Service:18 - An attempt to validate user login was made. (username: bob)
2017-09-15 18:33:09 INFO  Service:18 - An attempt to validate user login was made. (username: bob)
2017-09-15 18:38:04 INFO  Service:18 - An attempt to validate user login was made. (username: bob)
2017-09-15 18:38:12 INFO  Service:18 - An attempt to validate user login was made. (username: bob)
2017-09-15 18:49:11 INFO  Service:18 - An attempt to validate user login was made. (username: bob)
2017-09-15 18:52:15 INFO  Service:18 - An attempt to validate user login was made. (username: bob)
2017-09-15 18:53:56 INFO  Service:18 - An attempt to validate user login was made. (username: bob)
2017-09-15 19:00:44 INFO  Service:18 - An attempt to validate user login was made. (username: bob)
2017-09-15 19:06:15 INFO  Service:18 - An attempt to validate user login was made. (username: bob)
2017-09-15 19:35:10 INFO  Service:18 - An attempt to validate user login was made. (username: bob)
2017-09-15 19:35:18 INFO  Service:18 - An attempt to validate user login was made. (username: bob)
2017-09-15 19:35:54 INFO  Service:18 - An attempt to validate user login was made. (username: bob)
2017-09-15 19:37:18 INFO  Service:18 - An attempt to validate user login was made. (username: bob)
2017-09-15 19:38:38 INFO  Service:18 - An attempt to validate user login was made. (username: bob)
2017-09-15 19:57:16 INFO  Service:18 - An attempt to validate user login was made. (username: bob)
2017-09-15 19:58:04 INFO  Service:18 - An attempt to validate user login was made. (username: bob)
2017-09-15 19:59:29 INFO  Service:18 - An attempt to validate user login was made. (username: bob)
2017-09-15 20:01:57 INFO  Service:18 - An attempt to validate user login was made. (username: bob)
2017-09-15 20:04:32 INFO  Service:18 - An attempt to validate user login was made. (username: mgr1)
2017-09-15 20:05:21 INFO  Service:18 - An attempt to validate user login was made. (username: mgr1)
2017-09-15 20:06:01 INFO  Service:27 - An attempt to register a new user was made. (Name: Nikkie Smith)
2017-09-15 20:15:26 INFO  Service:18 - An attempt to validate user login was made. (username: bob)
2017-09-15 20:18:21 INFO  Service:18 - An attempt to validate user login was made. (username: bob)
2017-09-15 20:22:21 INFO  Service:18 - An attempt to validate user login was made. (username: bob)
2017-09-15 20:24:20 INFO  Service:18 - An attempt to validate user login was made. (username: bob)
2017-09-15 20:25:36 INFO  Service:18 - An attempt to validate user login was made. (username: bob)
2017-09-15 20:26:34 INFO  Service:18 - An attempt to validate user login was made. (username: bob)
2017-09-15 20:26:57 INFO  Service:18 - An attempt to validate user login was made. (username: Nik)
2017-09-16 07:58:56 INFO  Service:18 - An attempt to validate user login was made. (username: bob)
2017-09-16 07:59:23 INFO  Service:45 - null null updated information in their profile.
2017-09-16 08:02:06 INFO  Service:45 - null null updated information in their profile.
2017-09-16 08:02:14 INFO  Service:18 - An attempt to validate user login was made. (username: bob)
2017-09-16 08:02:26 INFO  Service:45 - null null updated information in their profile.
2017-09-16 08:05:55 INFO  Service:18 - An attempt to validate user login was made. (username: bob)
2017-09-16 08:06:06 INFO  Service:45 - null null updated information in their profile.
2017-09-16 08:39:07 INFO  Service:18 - An attempt to validate user login was made. (username: bob)
2017-09-16 08:41:12 INFO  Service:18 - An attempt to validate user login was made. (username: bob)
2017-09-16 08:42:19 INFO  Service:18 - An attempt to validate user login was made. (username: bob)
2017-09-16 08:53:30 INFO  Service:18 - An attempt to validate user login was made. (username: bob)
2017-09-16 08:53:42 INFO  Service:45 - Bob roberts updated information in their profile.
2017-09-16 08:54:25 INFO  Service:45 - Bob roberts updated information in their profile.
2017-09-16 08:54:41 INFO  Service:18 - An attempt to validate user login was made. (username: bob)
2017-09-16 08:58:20 INFO  Service:18 - An attempt to validate user login was made. (username: bob)
2017-09-16 08:58:37 INFO  Service:45 - Bob Roberts updated information in their profile.
2017-09-16 08:58:57 INFO  Service:18 - An attempt to validate user login was made. (username: bob)
2017-09-16 09:01:11 INFO  Service:18 - An attempt to validate user login was made. (username: bob)
2017-09-16 09:01:31 INFO  Service:45 - Bob Roberts updated information in their profile.
2017-09-16 09:01:44 INFO  Service:18 - An attempt to validate user login was made. (username: bob)
2017-09-16 09:01:53 INFO  Service:18 - An attempt to validate user login was made. (username: bob)
2017-09-16 09:02:25 INFO  Service:45 - Bob Roberts updated information in their profile.
2017-09-16 09:57:43 INFO  Service:18 - An attempt to validate user login was made. (username: bob)
2017-09-16 09:57:59 INFO  Service:45 - bob Roberts updated information in their profile.
2017-09-16 09:59:21 INFO  Service:18 - An attempt to validate user login was made. (username: bob)
2017-09-16 09:59:40 INFO  Service:45 - Bob Roberts updated information in their profile.
2017-09-16 10:20:33 INFO  Service:18 - An attempt to validate user login was made. (username: bob)
2017-09-16 10:20:42 INFO  Service:45 - Bob Roberts updated information in their profile.
2017-09-16 10:21:06 INFO  Service:18 - An attempt to validate user login was made. (username: bob)
2017-09-16 10:21:14 INFO  Service:18 - An attempt to validate user login was made. (username: bob)
2017-09-16 10:21:26 INFO  Service:45 - Bob Roberts updated information in their profile.
2017-09-16 10:21:48 INFO  Service:18 - An attempt to validate user login was made. (username: bob)
2017-09-16 10:21:56 INFO  Service:45 - bob Roberts updated information in their profile.
2017-09-16 10:22:06 INFO  Service:45 - bob Roberts updated information in their profile.
2017-09-16 10:22:59 INFO  Service:18 - An attempt to validate user login was made. (username: bob)
2017-09-16 10:23:32 INFO  Service:45 - Bob Roberts updated information in their profile.
2017-09-16 10:25:43 INFO  Service:18 - An attempt to validate user login was made. (username: bob)
2017-09-16 10:25:54 INFO  Service:45 - bob Roberts updated information in their profile.
2017-09-16 10:29:53 INFO  Service:18 - An attempt to validate user login was made. (username: bob)
2017-09-16 10:30:03 INFO  Service:45 - Bob Roberts updated information in their profile.
2017-09-16 10:31:37 INFO  Service:45 - bob Roberts updated information in their profile.
2017-09-16 10:32:12 INFO  Service:45 - Bob Roberts updated information in their profile.
2017-09-16 10:41:36 INFO  Service:18 - An attempt to validate user login was made. (username: bob)
2017-09-16 10:41:49 INFO  Service:45 - bob Roberts updated information in their profile.
2017-09-16 10:42:06 INFO  Service:45 - bob Roberts updated information in their profile.
2017-09-16 10:42:20 INFO  Service:45 - Bob Roberts updated information in their profile.
2017-09-16 10:43:42 INFO  Service:18 - An attempt to validate user login was made. (username: bob)
2017-09-16 10:43:51 INFO  Service:45 - bob Roberts updated information in their profile.
2017-09-16 10:45:22 INFO  Service:18 - An attempt to validate user login was made. (username: bob)
2017-09-16 10:45:32 INFO  Service:45 - Bob Roberts updated information in their profile.
2017-09-16 10:46:35 INFO  Service:18 - An attempt to validate user login was made. (username: Gen)
2017-09-16 10:46:44 INFO  Service:45 - Genesis Bonds updated information in their profile.
2017-09-16 11:02:28 INFO  Service:18 - An attempt to validate user login was made. (username: bob)
2017-09-16 11:38:21 INFO  Service:19 - An attempt to validate user login was made. (username: bob)
2017-09-16 11:38:36 INFO  Service:19 - An attempt to validate user login was made. (username: bob)
2017-09-16 11:40:23 INFO  Service:19 - An attempt to validate user login was made. (username: bob)
2017-09-16 11:48:32 INFO  Service:19 - An attempt to validate user login was made. (username: bob)
2017-09-16 12:23:18 INFO  Service:19 - An attempt to validate user login was made. (username: bob)
2017-09-16 12:27:01 INFO  Service:19 - An attempt to validate user login was made. (username: bob)
2017-09-16 12:27:21 INFO  Service:19 - An attempt to validate user login was made. (username: bob)
2017-09-16 12:36:57 INFO  Service:19 - An attempt to validate user login was made. (username: bob)
2017-09-16 12:42:03 INFO  Service:19 - An attempt to validate user login was made. (username: bob)
2017-09-16 12:46:52 INFO  Service:19 - An attempt to validate user login was made. (username: bob)
2017-09-16 12:47:57 INFO  Service:19 - An attempt to validate user login was made. (username: Gen)
2017-09-16 12:48:26 INFO  Service:46 - Genesis Bonds updated information in their profile.
2017-09-16 13:37:30 INFO  Service:19 - An attempt to validate user login was made. (username: Gen)
2017-09-16 13:37:40 INFO  Service:19 - An attempt to validate user login was made. (username: Gen)
2017-09-16 13:45:58 INFO  Service:19 - An attempt to validate user login was made. (username: Gen)
2017-09-16 13:46:41 INFO  Service:19 - An attempt to validate user login was made. (username: Gen)
2017-09-16 13:47:11 INFO  Service:41 - A Reimbursement request was made.
2017-09-16 14:17:29 INFO  Service:19 - An attempt to validate user login was made. (username: Gen)
2017-09-16 14:21:14 INFO  Service:19 - An attempt to validate user login was made. (username: Gen)
2017-09-16 14:22:57 INFO  Service:19 - An attempt to validate user login was made. (username: Gen)
2017-09-16 14:27:44 INFO  Service:19 - An attempt to validate user login was made. (username: Gen)
2017-09-16 14:31:28 INFO  Service:19 - An attempt to validate user login was made. (username: Gen)
2017-09-16 14:32:22 INFO  Service:19 - An attempt to validate user login was made. (username: Gen)
2017-09-16 14:32:30 INFO  Service:19 - An attempt to validate user login was made. (username: Gen)
2017-09-16 14:34:29 INFO  Service:19 - An attempt to validate user login was made. (username: Gen)
2017-09-16 14:36:04 INFO  Service:19 - An attempt to validate user login was made. (username: Gen)
2017-09-16 14:37:24 INFO  Service:19 - An attempt to validate user login was made. (username: Gen)
2017-09-16 14:49:36 INFO  Service:19 - An attempt to validate user login was made. (username: mgr1)
2017-09-16 15:40:59 INFO  Service:20 - An attempt to validate user login was made. (username: mgr1)
2017-09-16 15:43:58 INFO  Service:20 - An attempt to validate user login was made. (username: mgr1)
2017-09-16 15:46:10 INFO  Service:20 - An attempt to validate user login was made. (username: mgr1)
2017-09-16 15:49:16 INFO  Service:20 - An attempt to validate user login was made. (username: mgr1)
2017-09-16 15:49:22 INFO  Service:20 - An attempt to validate user login was made. (username: mgr1)
2017-09-16 15:50:21 INFO  Service:20 - An attempt to validate user login was made. (username: mgr1)
2017-09-16 15:51:50 INFO  Service:20 - An attempt to validate user login was made. (username: mgr1)
2017-09-16 15:57:32 INFO  Service:20 - An attempt to validate user login was made. (username: mgr1)
2017-09-16 16:28:07 INFO  Service:20 - An attempt to validate user login was made. (username: mgr1)
2017-09-16 16:42:45 INFO  Service:20 - An attempt to validate user login was made. (username: mgr1)
2017-09-16 16:44:18 INFO  Service:20 - An attempt to validate user login was made. (username: mgr1)
2017-09-16 16:46:28 INFO  Service:20 - An attempt to validate user login was made. (username: mgr1)
2017-09-16 16:50:02 INFO  Service:20 - An attempt to validate user login was made. (username: mgr1)
2017-09-16 17:09:52 INFO  Service:20 - An attempt to validate user login was made. (username: mgr1)
2017-09-16 17:10:00 INFO  Service:20 - An attempt to validate user login was made. (username: mgr1)
2017-09-16 17:13:02 INFO  Service:20 - An attempt to validate user login was made. (username: bob)
2017-09-16 17:13:55 INFO  Service:42 - A Reimbursement request was made.
2017-09-16 17:14:47 INFO  Service:20 - An attempt to validate user login was made. (username: Max)
2017-09-16 17:15:19 INFO  Service:42 - A Reimbursement request was made.
2017-09-16 17:15:44 INFO  Service:20 - An attempt to validate user login was made. (username: mgr1)
2017-09-16 17:24:15 INFO  Service:20 - An attempt to validate user login was made. (username: mgr1)
2017-09-16 17:43:34 INFO  Service:20 - An attempt to validate user login was made. (username: mgr1)
2017-09-16 17:43:48 INFO  Service:20 - An attempt to validate user login was made. (username: mgr1)
2017-09-16 17:48:56 INFO  Service:20 - An attempt to validate user login was made. (username: mgr1)
2017-09-16 17:51:21 INFO  Service:20 - An attempt to validate user login was made. (username: mgr1)
2017-09-16 18:05:30 INFO  Service:20 - An attempt to validate user login was made. (username: mgr1)
2017-09-16 18:18:46 INFO  Service:20 - An attempt to validate user login was made. (username: bob)
2017-09-16 18:21:29 INFO  Service:20 - An attempt to validate user login was made. (username: bob)
2017-09-16 18:22:02 INFO  Service:20 - An attempt to validate user login was made. (username: mgr1)
2017-09-16 18:44:20 INFO  Service:20 - An attempt to validate user login was made. (username: mgr1)
2017-09-16 19:01:06 INFO  Service:20 - An attempt to validate user login was made. (username: mgr1)
2017-09-16 19:02:58 INFO  Service:20 - An attempt to validate user login was made. (username: mgr1)
2017-09-16 19:04:41 INFO  Service:20 - An attempt to validate user login was made. (username: mgr1)
2017-09-16 19:09:44 INFO  Service:20 - An attempt to validate user login was made. (username: mgr1)
2017-09-16 19:12:31 INFO  Service:20 - An attempt to validate user login was made. (username: mgr1)
2017-09-16 19:33:24 INFO  Service:20 - An attempt to validate user login was made. (username: mgr1)
2017-09-16 19:36:25 INFO  Service:20 - An attempt to validate user login was made. (username: mgr1)
2017-09-16 20:39:40 INFO  Service:20 - An attempt to validate user login was made. (username: bob)
2017-09-16 20:43:38 INFO  Service:20 - An attempt to validate user login was made. (username: mgr1)
2017-09-16 20:49:30 INFO  Service:20 - An attempt to validate user login was made. (username: bob)
2017-09-16 21:32:17 INFO  Service:20 - An attempt to validate user login was made. (username: mgr1)
2017-09-16 21:44:53 INFO  Service:20 - An attempt to validate user login was made. (username: mgr1)
2017-09-16 21:57:39 INFO  Service:20 - An attempt to validate user login was made. (username: mgr1)
2017-09-16 21:57:47 INFO  Service:20 - An attempt to validate user login was made. (username: mgr1)
2017-09-16 22:01:12 INFO  Service:20 - An attempt to validate user login was made. (username: mgr1)
2017-09-16 22:06:04 INFO  Service:20 - An attempt to validate user login was made. (username: mgr1)
2017-09-16 22:16:44 INFO  Service:20 - An attempt to validate user login was made. (username: mgr1)
2017-09-16 22:17:49 INFO  Service:20 - An attempt to validate user login was made. (username: mgr1)
