2017-08-29 11:04:25,233 [Worker-17] INFO  o.e.m.c.i.l.LifecycleMappingFactory - Using org.eclipse.m2e.jdt.JarLifecycleMapping lifecycle mapping for MavenProject: Logging:Logging:0.0.1-SNAPSHOT @ C:\Users\Surplus\my_git_repos\1708Aug14Code\SQL\Logging\pom.xml.
2017-08-29 11:04:27,488 [Worker-17] WARN  o.e.m.c.i.embedder.EclipseLogger - Using platform encoding (Cp1252 actually) to copy filtered resources, i.e. build is platform dependent!
2017-08-29 11:04:27,504 [Worker-17] INFO  o.e.m.c.i.embedder.EclipseLogger - skip non existing resourceDirectory C:\Users\Surplus\my_git_repos\1708Aug14Code\SQL\Logging\src\main\resources
2017-08-29 11:04:27,529 [Worker-17] WARN  o.e.m.c.i.embedder.EclipseLogger - Using platform encoding (Cp1252 actually) to copy filtered resources, i.e. build is platform dependent!
2017-08-29 11:04:27,531 [Worker-17] INFO  o.e.m.c.i.embedder.EclipseLogger - skip non existing resourceDirectory C:\Users\Surplus\my_git_repos\1708Aug14Code\SQL\Logging\src\test\resources
2017-08-29 11:04:30,299 [Worker-2] WARN  o.e.m.c.i.embedder.EclipseLogger - Using platform encoding (Cp1252 actually) to copy filtered resources, i.e. build is platform dependent!
2017-08-29 11:04:30,319 [Worker-2] INFO  o.e.m.c.i.embedder.EclipseLogger - skip non existing resourceDirectory C:\Users\Surplus\my_git_repos\1708Aug14Code\SQL\Logging\src\main\resources
2017-08-29 11:04:30,322 [Worker-2] WARN  o.e.m.c.i.embedder.EclipseLogger - Using platform encoding (Cp1252 actually) to copy filtered resources, i.e. build is platform dependent!
2017-08-29 11:04:30,323 [Worker-2] INFO  o.e.m.c.i.embedder.EclipseLogger - skip non existing resourceDirectory C:\Users\Surplus\my_git_repos\1708Aug14Code\SQL\Logging\src\test\resources
2017-08-29 11:05:17,643 [Worker-1] INFO  o.e.m.c.i.l.LifecycleMappingFactory - Using org.eclipse.m2e.jdt.JarLifecycleMapping lifecycle mapping for MavenProject: Logging:Logging:0.0.1-SNAPSHOT @ C:\Users\Surplus\my_git_repos\1708Aug14Code\SQL\Logging\pom.xml.
2017-08-29 11:05:18,831 [Worker-1] WARN  o.e.m.c.i.embedder.EclipseLogger - Using platform encoding (Cp1252 actually) to copy filtered resources, i.e. build is platform dependent!
2017-08-29 11:05:18,833 [Worker-1] INFO  o.e.m.c.i.embedder.EclipseLogger - skip non existing resourceDirectory C:\Users\Surplus\my_git_repos\1708Aug14Code\SQL\Logging\src\main\resources
2017-08-29 11:05:18,836 [Worker-1] WARN  o.e.m.c.i.embedder.EclipseLogger - Using platform encoding (Cp1252 actually) to copy filtered resources, i.e. build is platform dependent!
2017-08-29 11:05:18,838 [Worker-1] INFO  o.e.m.c.i.embedder.EclipseLogger - skip non existing resourceDirectory C:\Users\Surplus\my_git_repos\1708Aug14Code\SQL\Logging\src\test\resources
2017-08-29 11:05:20,763 [Worker-13] WARN  o.e.m.c.i.embedder.EclipseLogger - Using platform encoding (Cp1252 actually) to copy filtered resources, i.e. build is platform dependent!
2017-08-29 11:05:20,765 [Worker-13] INFO  o.e.m.c.i.embedder.EclipseLogger - skip non existing resourceDirectory C:\Users\Surplus\my_git_repos\1708Aug14Code\SQL\Logging\src\main\resources
2017-08-29 11:05:20,769 [Worker-13] WARN  o.e.m.c.i.embedder.EclipseLogger - Using platform encoding (Cp1252 actually) to copy filtered resources, i.e. build is platform dependent!
2017-08-29 11:05:20,771 [Worker-13] INFO  o.e.m.c.i.embedder.EclipseLogger - skip non existing resourceDirectory C:\Users\Surplus\my_git_repos\1708Aug14Code\SQL\Logging\src\test\resources
2017-08-29 11:06:00,149 [Worker-2] INFO  o.e.m.c.i.l.LifecycleMappingFactory - Using org.eclipse.m2e.jdt.JarLifecycleMapping lifecycle mapping for MavenProject: Logging:Logging:0.0.1-SNAPSHOT @ C:\Users\Surplus\my_git_repos\1708Aug14Code\SQL\Logging\pom.xml.
2017-08-29 11:06:00,452 [Worker-2] WARN  o.e.m.c.i.embedder.EclipseLogger - Using platform encoding (Cp1252 actually) to copy filtered resources, i.e. build is platform dependent!
2017-08-29 11:06:00,454 [Worker-2] INFO  o.e.m.c.i.embedder.EclipseLogger - skip non existing resourceDirectory C:\Users\Surplus\my_git_repos\1708Aug14Code\SQL\Logging\src\main\resources
2017-08-29 11:06:00,456 [Worker-2] WARN  o.e.m.c.i.embedder.EclipseLogger - Using platform encoding (Cp1252 actually) to copy filtered resources, i.e. build is platform dependent!
2017-08-29 11:06:00,457 [Worker-2] INFO  o.e.m.c.i.embedder.EclipseLogger - skip non existing resourceDirectory C:\Users\Surplus\my_git_repos\1708Aug14Code\SQL\Logging\src\test\resources
2017-08-29 11:06:03,214 [Worker-3] WARN  o.e.m.c.i.embedder.EclipseLogger - Using platform encoding (Cp1252 actually) to copy filtered resources, i.e. build is platform dependent!
2017-08-29 11:06:03,219 [Worker-3] INFO  o.e.m.c.i.embedder.EclipseLogger - skip non existing resourceDirectory C:\Users\Surplus\my_git_repos\1708Aug14Code\SQL\Logging\src\main\resources
2017-08-29 11:06:03,238 [Worker-3] WARN  o.e.m.c.i.embedder.EclipseLogger - Using platform encoding (Cp1252 actually) to copy filtered resources, i.e. build is platform dependent!
2017-08-29 11:06:03,264 [Worker-3] INFO  o.e.m.c.i.embedder.EclipseLogger - skip non existing resourceDirectory C:\Users\Surplus\my_git_repos\1708Aug14Code\SQL\Logging\src\test\resources
2017-08-29 11:30:36,431 [Worker-5] INFO  o.e.m.c.i.l.LifecycleMappingFactory - Using org.eclipse.m2e.jdt.JarLifecycleMapping lifecycle mapping for MavenProject: revature:logging:0.0.1-SNAPSHOT @ C:\Users\Surplus\my_git_repos\1708Aug14Code\Logging_Intro\logging example non-project\pom.xml.
2017-08-29 11:30:37,340 [Worker-5] INFO  o.e.m.c.i.l.LifecycleMappingFactory - Using org.eclipse.m2e.jdt.JarLifecycleMapping lifecycle mapping for MavenProject: Logging:Logging:0.0.1-SNAPSHOT @ C:\Users\Surplus\my_git_repos\1708Aug14Code\Logging_Intro\Logging non-project\pom.xml.
2017-08-29 11:30:38,384 [Worker-5] INFO  o.e.m.j.i.AbstractJavaProjectConfigurator - Adding source folder /Logging non-project/src
2017-08-29 11:30:38,385 [Worker-5] INFO  o.e.m.j.i.AbstractJavaProjectConfigurator - Not adding source folder /Logging non-project/src/test/java because it overlaps with /Logging non-project/src
2017-08-29 11:30:38,518 [Worker-5] INFO  o.e.m.j.i.AbstractJavaProjectConfigurator - Adding source folder /logging example non-project/src/main/java
2017-08-29 11:30:38,519 [Worker-5] INFO  o.e.m.j.i.AbstractJavaProjectConfigurator - Adding resource folder /logging example non-project/src/main/resources
2017-08-29 11:30:38,520 [Worker-5] INFO  o.e.m.j.i.AbstractJavaProjectConfigurator - Adding source folder /logging example non-project/src/test/java
2017-08-29 11:30:38,521 [Worker-5] INFO  o.e.m.j.i.AbstractJavaProjectConfigurator - Adding resource folder /logging example non-project/src/test/resources
2017-08-29 11:30:38,595 [Worker-5] INFO  o.e.m.c.i.p.ProjectConfigurationManager - Imported and configured 2 project(s) in 4 sec
2017-08-29 11:30:43,184 [Worker-0] WARN  o.e.m.c.i.embedder.EclipseLogger - Using platform encoding (Cp1252 actually) to copy filtered resources, i.e. build is platform dependent!
2017-08-29 11:30:43,191 [Worker-0] INFO  o.e.m.c.i.embedder.EclipseLogger - skip non existing resourceDirectory C:\Users\Surplus\my_git_repos\1708Aug14Code\Logging_Intro\Logging non-project\src\main\resources
2017-08-29 11:30:43,195 [Worker-0] WARN  o.e.m.c.i.embedder.EclipseLogger - Using platform encoding (Cp1252 actually) to copy filtered resources, i.e. build is platform dependent!
2017-08-29 11:30:43,202 [Worker-0] INFO  o.e.m.c.i.embedder.EclipseLogger - skip non existing resourceDirectory C:\Users\Surplus\my_git_repos\1708Aug14Code\Logging_Intro\Logging non-project\src\test\resources
2017-08-29 11:30:45,084 [Worker-0] WARN  o.e.m.c.i.embedder.EclipseLogger - Using platform encoding (Cp1252 actually) to copy filtered resources, i.e. build is platform dependent!
2017-08-29 11:30:45,104 [Worker-0] INFO  o.e.m.c.i.embedder.EclipseLogger - Copying 0 resource
2017-08-29 11:30:45,107 [Worker-0] WARN  o.e.m.c.i.embedder.EclipseLogger - Using platform encoding (Cp1252 actually) to copy filtered resources, i.e. build is platform dependent!
2017-08-29 11:30:45,110 [Worker-0] INFO  o.e.m.c.i.embedder.EclipseLogger - Copying 0 resource
2017-08-29 11:30:52,729 [Worker-19] INFO  o.e.m.c.i.l.LifecycleMappingFactory - Using org.eclipse.m2e.jdt.JarLifecycleMapping lifecycle mapping for MavenProject: Logging:Logging:0.0.1-SNAPSHOT @ C:\Users\Surplus\my_git_repos\1708Aug14Code\Logging_Intro\Logging\pom.xml.
2017-08-29 11:30:52,796 [Worker-19] WARN  o.e.m.c.i.embedder.EclipseLogger - Using platform encoding (Cp1252 actually) to copy filtered resources, i.e. build is platform dependent!
2017-08-29 11:30:52,799 [Worker-19] INFO  o.e.m.c.i.embedder.EclipseLogger - skip non existing resourceDirectory C:\Users\Surplus\my_git_repos\1708Aug14Code\Logging_Intro\Logging\src\main\resources
2017-08-29 11:30:52,802 [Worker-19] WARN  o.e.m.c.i.embedder.EclipseLogger - Using platform encoding (Cp1252 actually) to copy filtered resources, i.e. build is platform dependent!
2017-08-29 11:30:52,803 [Worker-19] INFO  o.e.m.c.i.embedder.EclipseLogger - skip non existing resourceDirectory C:\Users\Surplus\my_git_repos\1708Aug14Code\Logging_Intro\Logging\src\test\resources
2017-08-29 11:30:53,998 [Worker-5] WARN  o.e.m.c.i.embedder.EclipseLogger - Using platform encoding (Cp1252 actually) to copy filtered resources, i.e. build is platform dependent!
2017-08-29 11:30:54,000 [Worker-5] INFO  o.e.m.c.i.embedder.EclipseLogger - skip non existing resourceDirectory C:\Users\Surplus\my_git_repos\1708Aug14Code\Logging_Intro\Logging\src\main\resources
2017-08-29 11:30:54,002 [Worker-5] WARN  o.e.m.c.i.embedder.EclipseLogger - Using platform encoding (Cp1252 actually) to copy filtered resources, i.e. build is platform dependent!
2017-08-29 11:30:54,004 [Worker-5] INFO  o.e.m.c.i.embedder.EclipseLogger - skip non existing resourceDirectory C:\Users\Surplus\my_git_repos\1708Aug14Code\Logging_Intro\Logging\src\test\resources
2017-08-29 11:30:59,102 [Worker-5] INFO  o.e.m.c.i.l.LifecycleMappingFactory - Using org.eclipse.m2e.jdt.JarLifecycleMapping lifecycle mapping for MavenProject: revature:logging:0.0.1-SNAPSHOT @ C:\Users\Surplus\my_git_repos\1708Aug14Code\Logging_Intro\logging example\pom.xml.
2017-08-29 11:30:59,153 [Worker-5] WARN  o.e.m.c.i.embedder.EclipseLogger - Using platform encoding (Cp1252 actually) to copy filtered resources, i.e. build is platform dependent!
2017-08-29 11:30:59,154 [Worker-5] INFO  o.e.m.c.i.embedder.EclipseLogger - Copying 0 resource
2017-08-29 11:30:59,156 [Worker-5] WARN  o.e.m.c.i.embedder.EclipseLogger - Using platform encoding (Cp1252 actually) to copy filtered resources, i.e. build is platform dependent!
2017-08-29 11:30:59,158 [Worker-5] INFO  o.e.m.c.i.embedder.EclipseLogger - Copying 0 resource
2017-08-29 11:32:52,238 [Worker-1] WARN  o.e.m.c.i.embedder.EclipseLogger - Using platform encoding (Cp1252 actually) to copy filtered resources, i.e. build is platform dependent!
2017-08-29 11:32:52,256 [Worker-1] INFO  o.e.m.c.i.embedder.EclipseLogger - skip non existing resourceDirectory C:\Users\Surplus\my_git_repos\1708Aug14Code\Logging_Intro\Logging\src\main\resources
2017-08-29 11:32:52,306 [Worker-1] WARN  o.e.m.c.i.embedder.EclipseLogger - Using platform encoding (Cp1252 actually) to copy filtered resources, i.e. build is platform dependent!
2017-08-29 11:32:52,516 [Worker-1] INFO  o.e.m.c.i.embedder.EclipseLogger - skip non existing resourceDirectory C:\Users\Surplus\my_git_repos\1708Aug14Code\Logging_Intro\Logging\src\test\resources
2017-09-01 20:32:59,871 [Worker-18] INFO  o.e.m.c.i.e.AbstractTransferListenerAdapter - Downloading https://repo.maven.apache.org/maven2/org/apache/maven/plugins/maven-compiler-plugin/3.3/maven-compiler-plugin-3.3.pom
2017-09-01 20:33:01,836 [Worker-18] INFO  o.e.m.c.i.e.AbstractTransferListenerAdapter - Downloaded https://repo.maven.apache.org/maven2/org/apache/maven/plugins/maven-compiler-plugin/3.3/maven-compiler-plugin-3.3.pom
2017-09-01 20:33:02,154 [Worker-18] INFO  o.e.m.c.i.e.AbstractTransferListenerAdapter - Downloading https://repo.maven.apache.org/maven2/org/apache/maven/plugins/maven-plugins/27/maven-plugins-27.pom
2017-09-01 20:33:02,401 [Worker-18] INFO  o.e.m.c.i.e.AbstractTransferListenerAdapter - Downloaded https://repo.maven.apache.org/maven2/org/apache/maven/plugins/maven-plugins/27/maven-plugins-27.pom
2017-09-01 20:33:02,904 [Worker-18] INFO  o.e.m.c.i.e.AbstractTransferListenerAdapter - Downloading https://repo.maven.apache.org/maven2/org/apache/maven/maven-parent/26/maven-parent-26.pom
2017-09-01 20:33:03,256 [Worker-18] INFO  o.e.m.c.i.e.AbstractTransferListenerAdapter - Downloaded https://repo.maven.apache.org/maven2/org/apache/maven/maven-parent/26/maven-parent-26.pom
2017-09-01 20:33:03,571 [Worker-18] INFO  o.e.m.c.i.e.AbstractTransferListenerAdapter - Downloading https://repo.maven.apache.org/maven2/org/apache/apache/16/apache-16.pom
2017-09-01 20:33:03,785 [Worker-18] INFO  o.e.m.c.i.e.AbstractTransferListenerAdapter - Downloaded https://repo.maven.apache.org/maven2/org/apache/apache/16/apache-16.pom
2017-09-01 20:33:04,144 [Worker-18] INFO  o.e.m.c.i.e.AbstractTransferListenerAdapter - Downloading https://repo.maven.apache.org/maven2/org/apache/maven/plugins/maven-compiler-plugin/3.3/maven-compiler-plugin-3.3.jar
2017-09-01 20:33:04,443 [Worker-18] INFO  o.e.m.c.i.e.AbstractTransferListenerAdapter - Downloaded https://repo.maven.apache.org/maven2/org/apache/maven/plugins/maven-compiler-plugin/3.3/maven-compiler-plugin-3.3.jar
2017-09-01 20:33:14,075 [Worker-18] WARN  o.e.m.c.i.embedder.EclipseLogger - Using platform encoding (Cp1252 actually) to copy filtered resources, i.e. build is platform dependent!
2017-09-01 20:33:14,114 [Worker-18] INFO  o.e.m.c.i.embedder.EclipseLogger - skip non existing resourceDirectory C:\Users\Surplus\my_git_repos\Revature projects\Logging_Intro\Logging\src\main\resources
2017-09-01 20:33:14,150 [Worker-18] WARN  o.e.m.c.i.embedder.EclipseLogger - Using platform encoding (Cp1252 actually) to copy filtered resources, i.e. build is platform dependent!
2017-09-01 20:33:14,163 [Worker-18] INFO  o.e.m.c.i.embedder.EclipseLogger - skip non existing resourceDirectory C:\Users\Surplus\my_git_repos\Revature projects\Logging_Intro\Logging\src\test\resources
2017-09-01 20:33:36,847 [Worker-13] WARN  o.e.m.c.i.embedder.EclipseLogger - Using platform encoding (Cp1252 actually) to copy filtered resources, i.e. build is platform dependent!
2017-09-01 20:33:37,253 [Worker-13] INFO  o.e.m.c.i.embedder.EclipseLogger - Copying 0 resource
2017-09-01 20:33:38,170 [Worker-13] WARN  o.e.m.c.i.embedder.EclipseLogger - Using platform encoding (Cp1252 actually) to copy filtered resources, i.e. build is platform dependent!
2017-09-01 20:33:38,268 [Worker-13] INFO  o.e.m.c.i.embedder.EclipseLogger - Copying 0 resource
